This is pdfTeX, Version 3.14159265-2.6-1.40.16 (MiKTeX 2.9) (preloaded format=pdflatex 2016.2.9)  24 JUN 2016 16:58
entering extended mode
**"./Latex-Framework Masterarbeit.tex"
("Latex-Framework Masterarbeit.tex"
LaTeX2e <2015/10/01> patch level 2
Babel <3.9n> and hyphenation patterns for 69 languages loaded.
("C:\Program Files (x86)\MiKTeX 2.9\tex\latex\koma-script\scrreprt.cls"
Document Class: scrreprt 2015/10/03 v3.19a KOMA-Script document class (report)
("C:\Program Files (x86)\MiKTeX 2.9\tex\latex\koma-script\scrkbase.sty"
Package: scrkbase 2015/10/03 v3.19a KOMA-Script package (KOMA-Script-dependent 
basics and keyval usage)

("C:\Program Files (x86)\MiKTeX 2.9\tex\latex\koma-script\scrbase.sty"
Package: scrbase 2015/10/03 v3.19a KOMA-Script package (KOMA-Script-independent
 basics and keyval usage)

("C:\Program Files (x86)\MiKTeX 2.9\tex\latex\graphics\keyval.sty"
Package: keyval 2014/10/28 v1.15 key=value parser (DPC)
\KV@toks@=\toks14
)
("C:\Program Files (x86)\MiKTeX 2.9\tex\latex\koma-script\scrlfile.sty"
Package: scrlfile 2015/10/03 v3.19a KOMA-Script package (loading files)

Package scrlfile, 2015/10/03 v3.19a KOMA-Script package (loading files)
                  Copyright (C) Markus Kohm

))) ("C:\Program Files (x86)\MiKTeX 2.9\tex\latex\koma-script\tocbasic.sty"
Package: tocbasic 2015/10/03 v3.19a KOMA-Script package (handling toc-files)
)
Package tocbasic Info: omitting babel extension for `toc'
(tocbasic)             because of feature `nobabel' available
(tocbasic)             for `toc' on input line 125.
Package tocbasic Info: omitting babel extension for `lof'
(tocbasic)             because of feature `nobabel' available
(tocbasic)             for `lof' on input line 126.
Package tocbasic Info: omitting babel extension for `lot'
(tocbasic)             because of feature `nobabel' available
(tocbasic)             for `lot' on input line 127.
Package tocbasic Info: defining new hook before heading of `' on input line 158
8.
Package scrreprt Info: You've used standard option `11pt'.
(scrreprt)             This is correct!
(scrreprt)             Internally I'm using `fontsize=11pt'.
(scrreprt)             If you'd like to set the option with \KOMAoptions,
(scrreprt)             you'd have to use `fontsize=11pt' there
(scrreprt)             instead of `11pt', too.
Class scrreprt Info: You've used standard option `oneside'.
(scrreprt)           This is correct!
(scrreprt)           Internally I'm using `twoside=false'.
(scrreprt)           If you'd like to set the option with \KOMAoptions,
(scrreprt)           you'd have to use `twoside=false' there
(scrreprt)           instead of `oneside', too.
Class scrreprt Info: File `scrsize11pt.clo' used to setup font sizes on input l
ine 2248.

("C:\Program Files (x86)\MiKTeX 2.9\tex\latex\koma-script\scrsize11pt.clo"
File: scrsize11pt.clo 2015/10/03 v3.19a KOMA-Script font size class option (11p
t)
)
("C:\Program Files (x86)\MiKTeX 2.9\tex\latex\koma-script\typearea.sty"
Package: typearea 2015/10/03 v3.19a KOMA-Script package (type area)

Package typearea, 2015/10/03 v3.19a KOMA-Script package (type area)
                  Copyright (C) Frank Neukam, 1992-1994
                  Copyright (C) Markus Kohm, 1994-

\ta@bcor=\skip41
\ta@div=\count79
Package typearea Info: You've used standard option `a4paper'.
(typearea)             This is correct!
(typearea)             Internally I'm using `paper=a4'.
(typearea)             If you'd like to set the option with \KOMAoptions,
(typearea)             you'd have to use `paper=a4' there
(typearea)             instead of `a4paper', too.
Package typearea Info: You've used standard option `oneside'.
(typearea)             This is correct!
(typearea)             Internally I'm using `twoside=false'.
(typearea)             If you'd like to set the option with \KOMAoptions,
(typearea)             you'd have to use `twoside=false' there
(typearea)             instead of `oneside', too.
\ta@hblk=\skip42
\ta@vblk=\skip43
\ta@temp=\skip44
\footheight=\skip45
Package typearea Info: These are the values describing the layout:
(typearea)             DIV  = 10
(typearea)             BCOR = 17.07164pt
(typearea)             \paperwidth      = 597.50793pt
(typearea)              \textwidth      = 406.30542pt
(typearea)              DIV departure   = -3%
(typearea)              \evensidemargin = 31.86708pt
(typearea)              \oddsidemargin  = 31.86708pt
(typearea)             \paperheight     = 845.04694pt
(typearea)              \textheight     = 595.80026pt
(typearea)              \topmargin      = -25.16531pt
(typearea)              \headheight     = 17.0pt
(typearea)              \headsep        = 20.40001pt
(typearea)              \topskip        = 11.0pt
(typearea)              \footskip       = 47.6pt
(typearea)              \baselineskip   = 13.6pt
(typearea)              on input line 1509.
)
\c@part=\count80
\c@chapter=\count81
\c@section=\count82
\c@subsection=\count83
\c@subsubsection=\count84
\c@paragraph=\count85
\c@subparagraph=\count86
LaTeX Info: Redefining \textsubscript on input line 4652.
\abovecaptionskip=\skip46
\belowcaptionskip=\skip47
\c@pti@nb@sid@b@x=\box26
\c@figure=\count87
\c@table=\count88
\bibindent=\dimen102
) (config.tex ("C:\Program Files (x86)\MiKTeX 2.9\tex\latex\base\ifthen.sty"
Package: ifthen 2014/09/29 v1.1c Standard LaTeX ifthen package (DPC)
)
("C:\Program Files (x86)\MiKTeX 2.9\tex\latex\was\gensymb.sty"
Package: gensymb 2003/07/02 v1.0 (WaS)
)
("C:\Program Files (x86)\MiKTeX 2.9\tex\latex\base\inputenc.sty"
Package: inputenc 2015/03/17 v1.2c Input encoding file
\inpenc@prehook=\toks15
\inpenc@posthook=\toks16

("C:\Program Files (x86)\MiKTeX 2.9\tex\latex\base\latin1.def"
File: latin1.def 2015/03/17 v1.2c Input encoding file
))
("C:\Program Files (x86)\MiKTeX 2.9\tex\latex\base\fontenc.sty"
Package: fontenc 2005/09/27 v1.99g Standard LaTeX package

("C:\Program Files (x86)\MiKTeX 2.9\tex\latex\base\t1enc.def"
File: t1enc.def 2005/09/27 v1.99g Standard LaTeX file
LaTeX Font Info:    Redeclaring font encoding T1 on input line 48.
))
("C:\Program Files (x86)\MiKTeX 2.9\tex\latex\float\float.sty"
Package: float 2001/11/08 v1.3d Float enhancements (AL)
\c@float@type=\count89
\float@exts=\toks17
\float@box=\box27
\@float@everytoks=\toks18
\@floatcapt=\box28
)
("C:\Program Files (x86)\MiKTeX 2.9\tex\generic\babel\babel.sty"
Package: babel 2016/01/08 3.9n The Babel package

*************************************
* Local config file bblopts.cfg used
*
("C:\Program Files (x86)\MiKTeX 2.9\tex\latex\00miktex\bblopts.cfg"
File: bblopts.cfg 2006/07/31 v1.0 MiKTeX 'babel' configuration
)
("C:\Program Files (x86)\MiKTeX 2.9\tex\latex\babel-english\english.ldf"
Language: english 2012/08/20 v3.3p English support from the babel system

("C:\Program Files (x86)\MiKTeX 2.9\tex\generic\babel\babel.def"
File: babel.def 2016/01/08 3.9n Babel common definitions
\babel@savecnt=\count90
\U@D=\dimen103
)
\l@canadian = a dialect from \language\l@american 
\l@australian = a dialect from \language\l@british 
\l@newzealand = a dialect from \language\l@british 
)
("C:\Program Files (x86)\MiKTeX 2.9\tex\latex\babel-english\english.ldf"
Language: english 2012/08/20 v3.3p English support from the babel system
))

Package Babel Warning: The package option `english' should not be used
(Babel)                with a more specific one (like `UKenglish') on input lin
e 25.

("C:\Program Files (x86)\MiKTeX 2.9\tex\latex\amsfonts\amssymb.sty"
Package: amssymb 2013/01/14 v3.01 AMS font symbols

("C:\Program Files (x86)\MiKTeX 2.9\tex\latex\amsfonts\amsfonts.sty"
Package: amsfonts 2013/01/14 v3.01 Basic AMSFonts support
\@emptytoks=\toks19
\symAMSa=\mathgroup4
\symAMSb=\mathgroup5
LaTeX Font Info:    Overwriting math alphabet `\mathfrak' in version `bold'
(Font)                  U/euf/m/n --> U/euf/b/n on input line 106.
))
("C:\Program Files (x86)\MiKTeX 2.9\tex\latex\amsmath\amsmath.sty"
Package: amsmath 2013/01/14 v2.14 AMS math features
\@mathmargin=\skip48

For additional information on amsmath, use the `?' option.
("C:\Program Files (x86)\MiKTeX 2.9\tex\latex\amsmath\amstext.sty"
Package: amstext 2000/06/29 v2.01

("C:\Program Files (x86)\MiKTeX 2.9\tex\latex\amsmath\amsgen.sty"
File: amsgen.sty 1999/11/30 v2.0
\@emptytoks=\toks20
\ex@=\dimen104
))
("C:\Program Files (x86)\MiKTeX 2.9\tex\latex\amsmath\amsbsy.sty"
Package: amsbsy 1999/11/29 v1.2d
\pmbraise@=\dimen105
)
("C:\Program Files (x86)\MiKTeX 2.9\tex\latex\amsmath\amsopn.sty"
Package: amsopn 1999/12/14 v2.01 operator names
)
\inf@bad=\count91
LaTeX Info: Redefining \frac on input line 210.
\uproot@=\count92
\leftroot@=\count93
LaTeX Info: Redefining \overline on input line 306.
\classnum@=\count94
\DOTSCASE@=\count95
LaTeX Info: Redefining \ldots on input line 378.
LaTeX Info: Redefining \dots on input line 381.
LaTeX Info: Redefining \cdots on input line 466.
\Mathstrutbox@=\box29
\strutbox@=\box30
\big@size=\dimen106
LaTeX Font Info:    Redeclaring font encoding OML on input line 566.
LaTeX Font Info:    Redeclaring font encoding OMS on input line 567.
\macc@depth=\count96
\c@MaxMatrixCols=\count97
\dotsspace@=\muskip10
\c@parentequation=\count98
\dspbrk@lvl=\count99
\tag@help=\toks21
\row@=\count100
\column@=\count101
\maxfields@=\count102
\andhelp@=\toks22
\eqnshift@=\dimen107
\alignsep@=\dimen108
\tagshift@=\dimen109
\tagwidth@=\dimen110
\totwidth@=\dimen111
\lineht@=\dimen112
\@envbody=\toks23
\multlinegap=\skip49
\multlinetaggap=\skip50
\mathdisplay@stack=\toks24
LaTeX Info: Redefining \[ on input line 2665.
LaTeX Info: Redefining \] on input line 2666.
)
("C:\Program Files (x86)\MiKTeX 2.9\tex\latex\amscls\amsthm.sty"
Package: amsthm 2015/03/04 v2.20.2
\thm@style=\toks25
\thm@bodyfont=\toks26
\thm@headfont=\toks27
\thm@notefont=\toks28
\thm@headpunct=\toks29
\thm@preskip=\skip51
\thm@postskip=\skip52
\thm@headsep=\skip53
\dth@everypar=\toks30
)
("C:\Program Files (x86)\MiKTeX 2.9\tex\latex\psnfss\helvet.sty"
Package: helvet 2005/04/12 PSNFSS-v9.2a (WaS) 
)
("C:\Program Files (x86)\MiKTeX 2.9\tex\latex\tools\xspace.sty"
Package: xspace 2014/10/28 v1.13 Space after command names (DPC,MH)
)
("C:\Program Files (x86)\MiKTeX 2.9\tex\latex\multirow\multirow.sty"
\bigstrutjot=\dimen113
)
("C:\Program Files (x86)\MiKTeX 2.9\tex\latex\tools\tabularx.sty"
Package: tabularx 2014/10/28 v2.10 `tabularx' package (DPC)

("C:\Program Files (x86)\MiKTeX 2.9\tex\latex\tools\array.sty"
Package: array 2014/10/28 v2.4c Tabular extension package (FMi)
\col@sep=\dimen114
\extrarowheight=\dimen115
\NC@list=\toks31
\extratabsurround=\skip54
\backup@length=\skip55
)
\TX@col@width=\dimen116
\TX@old@table=\dimen117
\TX@old@col=\dimen118
\TX@target=\dimen119
\TX@delta=\dimen120
\TX@cols=\count103
\TX@ftn=\toks32
)
("C:\Program Files (x86)\MiKTeX 2.9\tex\latex\enumitem\enumitem.sty"
Package: enumitem 2011/09/28 v3.5.2 Customized lists
\labelindent=\skip56
\enit@outerparindent=\dimen121
\enit@toks=\toks33
\enit@inbox=\box31
\enitdp@description=\count104
)
("C:\Program Files (x86)\MiKTeX 2.9\tex\latex\nomencl\nomencl.sty"
Package: nomencl 2005/09/22 v4.2 Nomenclature package (LN)
\nomlabelwidth=\dimen122
\nom@tempdim=\dimen123
\nomitemsep=\skip57
)
\@nomenclaturefile=\write3
\openout3 = `"Latex-Framework Masterarbeit.nlo"'.


Writing nomenclature file "Latex-Framework Masterarbeit".nlo
("C:\Program Files (x86)\MiKTeX 2.9\tex\latex\csquotes\csquotes.sty"
Package: csquotes 2016/01/31 v5.1g context-sensitive quotations (JAW)

("C:\Program Files (x86)\MiKTeX 2.9\tex\latex\etoolbox\etoolbox.sty"
Package: etoolbox 2015/08/02 v2.2a e-TeX tools for LaTeX (JAW)
\etb@tempcnta=\count105
)
\csq@reset=\count106
\csq@gtype=\count107
\csq@glevel=\count108
\csq@qlevel=\count109
\csq@maxlvl=\count110
\csq@tshold=\count111
\csq@ltx@everypar=\toks34

("C:\Program Files (x86)\MiKTeX 2.9\tex\latex\csquotes\csquotes.def"
File: csquotes.def 2016/01/31 v5.1g csquotes generic definitions (JAW)
)
Package csquotes Info: Trying to load configuration file 'csquotes.cfg'...
Package csquotes Info: ... configuration file loaded successfully.

("C:\Program Files (x86)\MiKTeX 2.9\tex\latex\csquotes\csquotes.cfg"
File: csquotes.cfg 
)
Package csquotes Info: Enabling multilingual quotes.
Package csquotes Info: Redefining alias 'german' -> 'german/quotes'.
)
("C:\Program Files (x86)\MiKTeX 2.9\tex\latex\biblatex\biblatex.sty"
Package: biblatex 2015/12/22 v3.2 programmable bibliographies (PK/JW/AB)

("C:\Program Files (x86)\MiKTeX 2.9\tex\latex\biblatex\biblatex2.sty"
Package: biblatex2 2015/12/22 v3.2 programmable bibliographies (biber) (PK/JW/A
B)

("C:\Program Files (x86)\MiKTeX 2.9\tex\latex\oberdiek\kvoptions.sty"
Package: kvoptions 2011/06/30 v3.11 Key value format for package options (HO)

("C:\Program Files (x86)\MiKTeX 2.9\tex\generic\oberdiek\ltxcmds.sty"
Package: ltxcmds 2011/11/09 v1.22 LaTeX kernel commands for general use (HO)
)
("C:\Program Files (x86)\MiKTeX 2.9\tex\generic\oberdiek\kvsetkeys.sty"
Package: kvsetkeys 2012/04/25 v1.16 Key value parser (HO)

("C:\Program Files (x86)\MiKTeX 2.9\tex\generic\oberdiek\infwarerr.sty"
Package: infwarerr 2010/04/08 v1.3 Providing info/warning/error messages (HO)
)
("C:\Program Files (x86)\MiKTeX 2.9\tex\generic\oberdiek\etexcmds.sty"
Package: etexcmds 2011/02/16 v1.5 Avoid name clashes with e-TeX commands (HO)

("C:\Program Files (x86)\MiKTeX 2.9\tex\generic\oberdiek\ifluatex.sty"
Package: ifluatex 2010/03/01 v1.3 Provides the ifluatex switch (HO)
Package ifluatex Info: LuaTeX not detected.
)
Package etexcmds Info: Could not find \expanded.
(etexcmds)             That can mean that you are not using pdfTeX 1.50 or
(etexcmds)             that some package has redefined \expanded.
(etexcmds)             In the latter case, load this package earlier.
)))
("C:\Program Files (x86)\MiKTeX 2.9\tex\latex\logreq\logreq.sty"
Package: logreq 2010/08/04 v1.0 xml request logger
\lrq@indent=\count112

("C:\Program Files (x86)\MiKTeX 2.9\tex\latex\logreq\logreq.def"
File: logreq.def 2010/08/04 v1.0 logreq spec v1.0
))
("C:\Program Files (x86)\MiKTeX 2.9\tex\latex\url\url.sty"
\Urlmuskip=\muskip11
Package: url 2013/09/16  ver 3.4  Verb mode for urls, etc.
)
\c@tabx@nest=\count113
\c@listtotal=\count114
\c@listcount=\count115
\c@liststart=\count116
\c@liststop=\count117
\c@citecount=\count118
\c@citetotal=\count119
\c@multicitecount=\count120
\c@multicitetotal=\count121
\c@instcount=\count122
\c@maxnames=\count123
\c@minnames=\count124
\c@maxitems=\count125
\c@minitems=\count126
\c@citecounter=\count127
\c@savedcitecounter=\count128
\c@uniquelist=\count129
\c@uniquename=\count130
\c@refsection=\count131
\c@refsegment=\count132
\c@maxextratitle=\count133
\c@maxextratitleyear=\count134
\c@maxextrayear=\count135
\c@maxextraalpha=\count136
\c@abbrvpenalty=\count137
\c@highnamepenalty=\count138
\c@lownamepenalty=\count139
\c@maxparens=\count140
\c@parenlevel=\count141
\blx@tempcnta=\count142
\blx@tempcntb=\count143
\blx@tempcntc=\count144
\blx@maxsection=\count145
\blx@maxsegment@0=\count146
\blx@notetype=\count147
\blx@parenlevel@text=\count148
\blx@parenlevel@foot=\count149
\blx@sectionciteorder@0=\count150
\labelnumberwidth=\skip58
\labelalphawidth=\skip59
\biblabelsep=\skip60
\bibitemsep=\skip61
\bibnamesep=\skip62
\bibinitsep=\skip63
\bibparsep=\skip64
\bibhang=\skip65
\blx@bcfin=\read1
\blx@bcfout=\write4
\c@mincomprange=\count151
\c@maxcomprange=\count152
\c@mincompwidth=\count153
Package biblatex Info: Trying to load biblatex default data model...
Package biblatex Info: ... file 'blx-dm.def' found.

("C:\Program Files (x86)\MiKTeX 2.9\tex\latex\biblatex\blx-dm.def")
Package biblatex Info: Trying to load biblatex style data model...
Package biblatex Info: ... file 'authoryear.dbx' not found.
Package biblatex Info: Trying to load biblatex custom data model...
Package biblatex Info: ... file 'biblatex-dm.cfg' not found.
\c@afterword=\count154
\c@savedafterword=\count155
\c@annotator=\count156
\c@savedannotator=\count157
\c@author=\count158
\c@savedauthor=\count159
\c@bookauthor=\count160
\c@savedbookauthor=\count161
\c@commentator=\count162
\c@savedcommentator=\count163
\c@editor=\count164
\c@savededitor=\count165
\c@editora=\count166
\c@savededitora=\count167
\c@editorb=\count168
\c@savededitorb=\count169
\c@editorc=\count170
\c@savededitorc=\count171
\c@foreword=\count172
\c@savedforeword=\count173
\c@holder=\count174
\c@savedholder=\count175
\c@introduction=\count176
\c@savedintroduction=\count177
\c@namea=\count178
\c@savednamea=\count179
\c@nameb=\count180
\c@savednameb=\count181
\c@namec=\count182
\c@savednamec=\count183
\c@translator=\count184
\c@savedtranslator=\count185
\c@shortauthor=\count186
\c@savedshortauthor=\count187
\c@shorteditor=\count188
\c@savedshorteditor=\count189
\c@labelname=\count190
\c@savedlabelname=\count191
\c@institution=\count192
\c@savedinstitution=\count193
\c@lista=\count194
\c@savedlista=\count195
\c@listb=\count196
\c@savedlistb=\count197
\c@listc=\count198
\c@savedlistc=\count199
\c@listd=\count266
\c@savedlistd=\count267
\c@liste=\count268
\c@savedliste=\count269
\c@listf=\count270
\c@savedlistf=\count271
\c@location=\count272
\c@savedlocation=\count273
\c@organization=\count274
\c@savedorganization=\count275
\c@origlocation=\count276
\c@savedoriglocation=\count277
\c@origpublisher=\count278
\c@savedorigpublisher=\count279
\c@publisher=\count280
\c@savedpublisher=\count281
\c@language=\count282
\c@savedlanguage=\count283
\c@pageref=\count284
\c@savedpageref=\count285
\shorthandwidth=\skip66
\shortjournalwidth=\skip67
\shortserieswidth=\skip68
\shorttitlewidth=\skip69
\shortauthorwidth=\skip70
\shorteditorwidth=\skip71
Package biblatex Info: Trying to load compatibility code...
Package biblatex Info: ... file 'blx-compat.def' found.

("C:\Program Files (x86)\MiKTeX 2.9\tex\latex\biblatex\blx-compat.def"
File: blx-compat.def 2015/12/22 v3.2 biblatex compatibility (PK/JW/AB)
)
Package biblatex Info: Trying to load generic definitions...
Package biblatex Info: ... file 'biblatex.def' found.

("C:\Program Files (x86)\MiKTeX 2.9\tex\latex\biblatex\biblatex.def"
File: biblatex.def 
\c@textcitecount=\count286
\c@textcitetotal=\count287
\c@textcitemaxnames=\count288
\c@biburlnumpenalty=\count289
\c@biburlucpenalty=\count290
\c@biburllcpenalty=\count291
\c@smartand=\count292
)
Package biblatex Info: Trying to load natbib compatibility...
Package biblatex Info: ... file 'blx-natbib.def' found.

("C:\Program Files (x86)\MiKTeX 2.9\tex\latex\biblatex\blx-natbib.def"
File: blx-natbib.def 2015/12/22 v3.2 biblatex compatibility (PK/JW/AB)
)
Package biblatex Info: Trying to load bibliography style 'authoryear'...
Package biblatex Info: ... file 'authoryear.bbx' found.

("C:\Program Files (x86)\MiKTeX 2.9\tex\latex\biblatex\bbx\authoryear.bbx"
File: authoryear.bbx 2015/12/22 v3.2 biblatex bibliography style (PK/JW/AB)
Package biblatex Info: Trying to load bibliography style 'standard'...
Package biblatex Info: ... file 'standard.bbx' found.

("C:\Program Files (x86)\MiKTeX 2.9\tex\latex\biblatex\bbx\standard.bbx"
File: standard.bbx 2015/12/22 v3.2 biblatex bibliography style (PK/JW/AB)
\c@bbx:relatedcount=\count293
\c@bbx:relatedtotal=\count294
))
Package biblatex Info: Trying to load citation style 'authoryear'...
Package biblatex Info: ... file 'authoryear.cbx' found.

("C:\Program Files (x86)\MiKTeX 2.9\tex\latex\biblatex\cbx\authoryear.cbx"
File: authoryear.cbx 2015/12/22 v3.2 biblatex citation style (PK/JW/AB)
Package biblatex Info: Redefining '\cite'.
Package biblatex Info: Redefining '\parencite'.
Package biblatex Info: Redefining '\footcite'.
Package biblatex Info: Redefining '\footcitetext'.
Package biblatex Info: Redefining '\smartcite'.
Package biblatex Info: Redefining '\textcite'.
Package biblatex Info: Redefining '\textcites'.
)
Package biblatex Info: Trying to load configuration file...
Package biblatex Info: ... file 'biblatex.cfg' found.

("C:\Program Files (x86)\MiKTeX 2.9\tex\latex\biblatex\biblatex.cfg"
File: biblatex.cfg 
)))
("C:\Program Files (x86)\MiKTeX 2.9\tex\latex\caption\caption.sty"
Package: caption 2016/02/02 v3.3-136 Customizing captions (AR)

("C:\Program Files (x86)\MiKTeX 2.9\tex\latex\caption\caption3.sty"
Package: caption3 2016/02/02 v1.7-136 caption3 kernel (AR)
Package caption3 Info: TeX engine: e-TeX on input line 57.
\captionmargin=\dimen124
\captionmargin@=\dimen125
\captionwidth=\dimen126
\caption@tempdima=\dimen127
\caption@indent=\dimen128
\caption@parindent=\dimen129
\caption@hangindent=\dimen130
)
Package caption Info: KOMA-Script document class.
\c@ContinuedFloat=\count295
Package caption Info: float package is loaded.
)
("C:\Program Files (x86)\MiKTeX 2.9\tex\latex\caption\subcaption.sty"
Package: subcaption 2016/02/02 v1.1-136 Sub-captions (AR)
\c@subfigure=\count296
\c@subtable=\count297
)
("C:\Program Files (x86)\MiKTeX 2.9\tex\latex\base\flafter.sty"
Package: flafter 2015/09/05 v1.3a Standard LaTeX floats after reference (FMi)
Applying: [2015/01/01] float order in 2-column on input line 49.
Already applied: [0000/00/00] float order in 2-column on input line 151.
)
("C:\Program Files (x86)\MiKTeX 2.9\tex\latex\graphics\graphicx.sty"
Package: graphicx 2014/10/28 v1.0g Enhanced LaTeX Graphics (DPC,SPQR)

("C:\Program Files (x86)\MiKTeX 2.9\tex\latex\graphics\graphics.sty"
Package: graphics 2014/10/28 v1.0p Standard LaTeX Graphics (DPC,SPQR)

("C:\Program Files (x86)\MiKTeX 2.9\tex\latex\graphics\trig.sty"
Package: trig 1999/03/16 v1.09 sin cos tan (DPC)
)
("C:\Program Files (x86)\MiKTeX 2.9\tex\latex\00miktex\graphics.cfg"
File: graphics.cfg 2007/01/18 v1.5 graphics configuration of teTeX/TeXLive
)
Package graphics Info: Driver file: pdftex.def on input line 94.

("C:\Program Files (x86)\MiKTeX 2.9\tex\latex\pdftex-def\pdftex.def"
File: pdftex.def 2011/05/27 v0.06d Graphics/color for pdfTeX
\Gread@gobject=\count298
))
\Gin@req@height=\dimen131
\Gin@req@width=\dimen132
)
("C:\Program Files (x86)\MiKTeX 2.9\tex\latex\xcolor\xcolor.sty"
Package: xcolor 2007/01/21 v2.11 LaTeX color extensions (UK)

("C:\Program Files (x86)\MiKTeX 2.9\tex\latex\00miktex\color.cfg"
File: color.cfg 2007/01/18 v1.5 color configuration of teTeX/TeXLive
)
Package xcolor Info: Driver file: pdftex.def on input line 225.
Package xcolor Info: Model `cmy' substituted by `cmy0' on input line 1337.
Package xcolor Info: Model `hsb' substituted by `rgb' on input line 1341.
Package xcolor Info: Model `RGB' extended on input line 1353.
Package xcolor Info: Model `HTML' substituted by `rgb' on input line 1355.
Package xcolor Info: Model `Hsb' substituted by `hsb' on input line 1356.
Package xcolor Info: Model `tHsb' substituted by `hsb' on input line 1357.
Package xcolor Info: Model `HSB' substituted by `hsb' on input line 1358.
Package xcolor Info: Model `Gray' substituted by `gray' on input line 1359.
Package xcolor Info: Model `wave' substituted by `hsb' on input line 1360.
)

Class scrreprt Warning: Usage of package `fancyhdr' together
(scrreprt)              with a KOMA-Script class is not recommended.
(scrreprt)              I'd suggest to use 
(scrreprt)              package `scrlayer-scrpage'.
(scrreprt)              Nevertheless, using requested
(scrreprt)              package `fancyhdr' on input line 110.

("C:\Program Files (x86)\MiKTeX 2.9\tex\latex\fancyhdr\fancyhdr.sty"
\fancy@headwidth=\skip72
\f@ncyO@elh=\skip73
\f@ncyO@erh=\skip74
\f@ncyO@olh=\skip75
\f@ncyO@orh=\skip76
\f@ncyO@elf=\skip77
\f@ncyO@erf=\skip78
\f@ncyO@olf=\skip79
\f@ncyO@orf=\skip80
)

Package Fancyhdr Warning: \fancyhead's `E' option without twoside option is use
less on input line 114.


Package Fancyhdr Warning: \fancyhead's `E' option without twoside option is use
less on input line 115.

("C:\Program Files (x86)\MiKTeX 2.9\tex\latex\setspace\setspace.sty"
Package: setspace 2011/12/19 v6.7a set line spacing
)
("C:\Program Files (x86)\MiKTeX 2.9\tex\latex\carlisle\remreset.sty")
("C:\Program Files (x86)\MiKTeX 2.9\tex\latex\listings\listings.sty"
\lst@mode=\count299
\lst@gtempboxa=\box32
\lst@token=\toks35
\lst@length=\count300
\lst@currlwidth=\dimen133
\lst@column=\count301
\lst@pos=\count302
\lst@lostspace=\dimen134
\lst@width=\dimen135
\lst@newlines=\count303
\lst@lineno=\count304
\lst@maxwidth=\dimen136

("C:\Program Files (x86)\MiKTeX 2.9\tex\latex\listings\lstmisc.sty"
File: lstmisc.sty 2015/06/04 1.6 (Carsten Heinz)
\c@lstnumber=\count305
\lst@skipnumbers=\count306
\lst@framebox=\box33
)
("C:\Program Files (x86)\MiKTeX 2.9\tex\latex\listings\listings.cfg"
File: listings.cfg 2015/06/04 1.6 listings configuration
))
Package: listings 2015/06/04 1.6 (Carsten Heinz)

("C:\Program Files (x86)\MiKTeX 2.9\tex\latex\psnfss\courier.sty"
Package: courier 2005/04/12 PSNFSS-v9.2a (WaS) 
)

Class scrreprt Warning: Usage of package `titlesec' together
(scrreprt)              with a KOMA-Script class is not recommended.
(scrreprt)              I'd suggest to use the package only
(scrreprt)              if you really need it, because it breaks several
(scrreprt)              KOMA-Script features, i.e., option `headings' and
(scrreprt)              the extended optional argument of the section
(scrreprt)              commands.
(scrreprt)              Nevertheless, using requested
(scrreprt)              package `titlesec' on input line 197.

("C:\Program Files (x86)\MiKTeX 2.9\tex\latex\titlesec\titlesec.sty"
Package: titlesec 2011/12/15 v2.10.0 Sectioning titles
\ttl@box=\box34
\beforetitleunit=\skip81
\aftertitleunit=\skip82
\ttl@plus=\dimen137
\ttl@minus=\dimen138
\ttl@toksa=\toks36
\titlewidth=\dimen139
\titlewidthlast=\dimen140
\titlewidthfirst=\dimen141


Package titlesec Warning: Non standard sectioning command detected
(titlesec)                Using default spacing and no format.


Package titlesec Warning: Non standard sectioning command detected
(titlesec)                Using default spacing and no format.


Package titlesec Warning: Non standard sectioning command detected
(titlesec)                Using default spacing and no format.


Package titlesec Warning: Non standard sectioning command detected
(titlesec)                Using default spacing and no format.


Package titlesec Warning: Non standard sectioning command detected
(titlesec)                Using default spacing and no format.

)

Package scrreprt Warning: Activating an ugly workaround for a missing
(scrreprt)                feature of package `titlesec` on input line 197.

("C:\Program Files (x86)\MiKTeX 2.9\tex\latex\titlesec\block.tss"
File: block.tss 2011/12/15
)
("C:\Program Files (x86)\MiKTeX 2.9\tex\latex\hyperref\hyperref.sty"
Package: hyperref 2012/11/06 v6.83m Hypertext links for LaTeX

("C:\Program Files (x86)\MiKTeX 2.9\tex\generic\oberdiek\hobsub-hyperref.sty"
Package: hobsub-hyperref 2012/04/25 v1.12 Bundle oberdiek, subset hyperref (HO)


("C:\Program Files (x86)\MiKTeX 2.9\tex\generic\oberdiek\hobsub-generic.sty"
Package: hobsub-generic 2012/04/25 v1.12 Bundle oberdiek, subset generic (HO)
Package: hobsub 2012/04/25 v1.12 Construct package bundles (HO)
Package hobsub Info: Skipping package `infwarerr' (already loaded).
Package hobsub Info: Skipping package `ltxcmds' (already loaded).
Package hobsub Info: Skipping package `ifluatex' (already loaded).
Package: ifvtex 2010/03/01 v1.5 Detect VTeX and its facilities (HO)
Package ifvtex Info: VTeX not detected.
Package: intcalc 2007/09/27 v1.1 Expandable calculations with integers (HO)
Package: ifpdf 2011/01/30 v2.3 Provides the ifpdf switch (HO)
Package ifpdf Info: pdfTeX in PDF mode is detected.
Package hobsub Info: Skipping package `etexcmds' (already loaded).
Package hobsub Info: Skipping package `kvsetkeys' (already loaded).
Package: kvdefinekeys 2011/04/07 v1.3 Define keys (HO)
Package: pdftexcmds 2011/11/29 v0.20 Utility functions of pdfTeX for LuaTeX (HO
)
Package pdftexcmds Info: LuaTeX not detected.
Package pdftexcmds Info: \pdf@primitive is available.
Package pdftexcmds Info: \pdf@ifprimitive is available.
Package pdftexcmds Info: \pdfdraftmode found.
Package: pdfescape 2011/11/25 v1.13 Implements pdfTeX's escape features (HO)
Package: bigintcalc 2012/04/08 v1.3 Expandable calculations on big integers (HO
)
Package: bitset 2011/01/30 v1.1 Handle bit-vector datatype (HO)
Package: uniquecounter 2011/01/30 v1.2 Provide unlimited unique counter (HO)
)
Package hobsub Info: Skipping package `hobsub' (already loaded).
Package: letltxmacro 2010/09/02 v1.4 Let assignment for LaTeX macros (HO)
Package: hopatch 2011/06/24 v1.1 Wrapper for package hooks (HO)
Package: xcolor-patch 2011/01/30 xcolor patch
Package: atveryend 2011/06/30 v1.8 Hooks at the very end of document (HO)
Package: atbegshi 2011/10/05 v1.16 At begin shipout hook (HO)
Package: refcount 2011/10/16 v3.4 Data extraction from label references (HO)
Package: hycolor 2011/01/30 v1.7 Color options for hyperref/bookmark (HO)
)
("C:\Program Files (x86)\MiKTeX 2.9\tex\generic\ifxetex\ifxetex.sty"
Package: ifxetex 2010/09/12 v0.6 Provides ifxetex conditional
)
("C:\Program Files (x86)\MiKTeX 2.9\tex\latex\oberdiek\auxhook.sty"
Package: auxhook 2011/03/04 v1.3 Hooks for auxiliary files (HO)
)
\@linkdim=\dimen142
\Hy@linkcounter=\count307
\Hy@pagecounter=\count308

("C:\Program Files (x86)\MiKTeX 2.9\tex\latex\hyperref\pd1enc.def"
File: pd1enc.def 2012/11/06 v6.83m Hyperref: PDFDocEncoding definition (HO)
)
\Hy@SavedSpaceFactor=\count309

("C:\Program Files (x86)\MiKTeX 2.9\tex\latex\00miktex\hyperref.cfg"
File: hyperref.cfg 2002/06/06 v1.2 hyperref configuration of TeXLive
)
Package hyperref Info: Hyper figures OFF on input line 4443.
Package hyperref Info: Link nesting OFF on input line 4448.
Package hyperref Info: Hyper index ON on input line 4451.
Package hyperref Info: Plain pages OFF on input line 4458.
Package hyperref Info: Backreferencing OFF on input line 4463.
Package hyperref Info: Implicit mode ON; LaTeX internals redefined.
Package hyperref Info: Bookmarks ON on input line 4688.
\c@Hy@tempcnt=\count310
LaTeX Info: Redefining \url on input line 5041.
\XeTeXLinkMargin=\dimen143
\Fld@menulength=\count311
\Field@Width=\dimen144
\Fld@charsize=\dimen145
Package hyperref Info: Hyper figures OFF on input line 6295.
Package hyperref Info: Link nesting OFF on input line 6300.
Package hyperref Info: Hyper index ON on input line 6303.
Package hyperref Info: backreferencing OFF on input line 6310.
Package hyperref Info: Link coloring OFF on input line 6315.
Package hyperref Info: Link coloring with OCG OFF on input line 6320.
Package hyperref Info: PDF/A mode OFF on input line 6325.
LaTeX Info: Redefining \ref on input line 6365.
LaTeX Info: Redefining \pageref on input line 6369.
\Hy@abspage=\count312
\c@Item=\count313
\c@Hfootnote=\count314
)

Package hyperref Message: Driver (autodetected): hpdftex.

("C:\Program Files (x86)\MiKTeX 2.9\tex\latex\hyperref\hpdftex.def"
File: hpdftex.def 2012/11/06 v6.83m Hyperref driver for pdfTeX
\Fld@listcount=\count315
\c@bookmark@seq@number=\count316

("C:\Program Files (x86)\MiKTeX 2.9\tex\latex\oberdiek\rerunfilecheck.sty"
Package: rerunfilecheck 2011/04/15 v1.7 Rerun checks for auxiliary files (HO)
Package uniquecounter Info: New unique counter `rerunfilecheck' on input line 2
82.
)
\Hy@SectionHShift=\skip83
)
("C:\Program Files (x86)\MiKTeX 2.9\tex\latex\oberdiek\bookmark.sty"
Package: bookmark 2011/12/02 v1.24 PDF bookmarks (HO)

("C:\Program Files (x86)\MiKTeX 2.9\tex\latex\oberdiek\bkm-pdftex.def"
File: bkm-pdftex.def 2011/12/02 v1.24 bookmark driver for pdfTeX (HO)
\BKM@id=\count317
))
("C:\Program Files (x86)\MiKTeX 2.9\tex\latex\koma-script\scrhack.sty"
Package: scrhack 2015/10/03 v3.19a KOMA-Script package 
Package scrhack Info: hyperref hack deactivated because of
(scrhack)             detection of hyperref version, that doesn't
(scrhack)             need that hack, on input line 151.
Package scrhack Info: loading float hack on input line 158.

("C:\Program Files (x86)\MiKTeX 2.9\tex\latex\koma-script\float.hak"
File: float.hak 2015/10/03 v3.19a KOMA-Script package (hacking package float)
Package scrhack Info: redefining \newfloat on input line 161.
Package scrhack Info: redefining \listof on input line 161.
Package scrhack Info: undefining \float@addtolists on input line 161.
)
Package scrhack Info: loading listings hack on input line 172.

("C:\Program Files (x86)\MiKTeX 2.9\tex\latex\koma-script\listings.hak"
File: listings.hak 2015/10/03 v3.19a KOMA-Script package (hacking package listi
ngs)
Package tocbasic Info: setting babel extension for `lol' on input line 137.
Package scrhack Info: redefining \lstlistoflistings on input line 137.
)
Package scrhack Info: loading setspace hack on input line 179.

("C:\Program Files (x86)\MiKTeX 2.9\tex\latex\koma-script\setspace.hak"
File: setspace.hak 2015/10/03 v3.19a KOMA-Script package (hacking package setsp
ace)
)))
Package csquotes Info: Checking for multilingual support...
Package csquotes Info: ... found 'babel' package.
Package biblatex Info: Trying to load language 'UKenglish'...
Package biblatex Info: ... file 'UKenglish.lbx' found.

("C:\Program Files (x86)\MiKTeX 2.9\tex\latex\biblatex\lbx\UKenglish.lbx"
File: UKenglish.lbx 2015/12/22 v3.2 biblatex localization (PK/JW/AB)
Package biblatex Info: Trying to load language 'british'...
Package biblatex Info: ... file 'british.lbx' found.

("C:\Program Files (x86)\MiKTeX 2.9\tex\latex\biblatex\lbx\british.lbx"
File: british.lbx 2015/12/22 v3.2 biblatex localization (PK/JW/AB)
Package biblatex Info: Trying to load language 'english'...
Package biblatex Info: ... file 'english.lbx' found.

("C:\Program Files (x86)\MiKTeX 2.9\tex\latex\biblatex\lbx\english.lbx"
File: english.lbx 2015/12/22 v3.2 biblatex localization (PK/JW/AB)
)))
("Latex-Framework Masterarbeit.aux" (source/cover.aux) (source/explanation.aux)
(source/abstract.aux) (source/acknowledgements.aux) (source/lists.aux)
(source/Introduction.aux) (source/Fundamentals.aux) (source/Implementation.aux)
(source/Simulation.aux

LaTeX Warning: Label `tab:config' multiply defined.

) (source/Results.aux) (source/Discussion.aux) (source/appendix.aux

LaTeX Warning: Label `fig:gtns1' multiply defined.


LaTeX Warning: Label `fig:gtns1' multiply defined.


LaTeX Warning: Label `fig:gtns1' multiply defined.


LaTeX Warning: Label `fig:gtns1' multiply defined.

))
\openout1 = `"Latex-Framework Masterarbeit.aux"'.

LaTeX Font Info:    Checking defaults for OML/cmm/m/it on input line 19.
LaTeX Font Info:    ... okay on input line 19.
LaTeX Font Info:    Checking defaults for T1/cmr/m/n on input line 19.
LaTeX Font Info:    ... okay on input line 19.
LaTeX Font Info:    Checking defaults for OT1/cmr/m/n on input line 19.
LaTeX Font Info:    ... okay on input line 19.
LaTeX Font Info:    Checking defaults for OMS/cmsy/m/n on input line 19.
LaTeX Font Info:    ... okay on input line 19.
LaTeX Font Info:    Checking defaults for OMX/cmex/m/n on input line 19.
LaTeX Font Info:    ... okay on input line 19.
LaTeX Font Info:    Checking defaults for U/cmr/m/n on input line 19.
LaTeX Font Info:    ... okay on input line 19.
LaTeX Font Info:    Checking defaults for PD1/pdf/m/n on input line 19.
LaTeX Font Info:    ... okay on input line 19.
LaTeX Info: Redefining \celsius on input line 19.
Package gensymb Info: Faking symbols for \degree and \celsius on input line 19.



Package gensymb Warning: Not defining \perthousand.

LaTeX Info: Redefining \ohm on input line 19.
Package gensymb Info: Using \Omega for \ohm on input line 19.

Package gensymb Warning: Not defining \micro.

Package biblatex Info: Input encoding 'latin1' detected.
Package biblatex Info: Automatic encoding selection.
(biblatex)             Assuming data encoding 'latin1'.
\openout4 = `"Latex-Framework Masterarbeit.bcf"'.

Package biblatex Info: Trying to load bibliographic data...
Package biblatex Info: ... file '"Latex-Framework Masterarbeit".bbl' found.
("Latex-Framework Masterarbeit.bbl")
Package biblatex Info: Reference section=0 on input line 19.
Package biblatex Info: Reference segment=0 on input line 19.
Package caption Info: Begin \AtBeginDocument code.
Package caption Info: hyperref package is loaded.
Package caption Info: listings package is loaded.
Package caption Info: End \AtBeginDocument code.

("C:\Program Files (x86)\MiKTeX 2.9\tex\context\base\supp-pdf.mkii"
[Loading MPS to PDF converter (version 2006.09.02).]
\scratchcounter=\count318
\scratchdimen=\dimen146
\scratchbox=\box35
\nofMPsegments=\count319
\nofMParguments=\count320
\everyMPshowfont=\toks37
\MPscratchCnt=\count321
\MPscratchDim=\dimen147
\MPnumerator=\count322
\makeMPintoPDFobject=\count323
\everyMPtoPDFconversion=\toks38
)
\c@lstlisting=\count324
\AtBeginShipoutBox=\box36
Package hyperref Info: Link coloring OFF on input line 19.
 ("C:\Program Files (x86)\MiKTeX 2.9\tex\latex\hyperref\nameref.sty"
Package: nameref 2012/10/27 v2.43 Cross-referencing by name of section

("C:\Program Files (x86)\MiKTeX 2.9\tex\generic\oberdiek\gettitlestring.sty"
Package: gettitlestring 2010/12/03 v1.4 Cleanup title references (HO)
)
\c@section@level=\count325
)
LaTeX Info: Redefining \ref on input line 19.
LaTeX Info: Redefining \pageref on input line 19.
LaTeX Info: Redefining \nameref on input line 19.
Package scrhack Info: undefining \float@addtolists on input line 19.
\openout2 = `source/cover.aux'.


(source/cover.tex
LaTeX Font Info:    Try loading font information for U+msa on input line 8.
 ("C:\Program Files (x86)\MiKTeX 2.9\tex\latex\amsfonts\umsa.fd"
File: umsa.fd 2013/01/14 v3.01 AMS symbols A
)
LaTeX Font Info:    Try loading font information for U+msb on input line 8.
 ("C:\Program Files (x86)\MiKTeX 2.9\tex\latex\amsfonts\umsb.fd"
File: umsb.fd 2013/01/14 v3.01 AMS symbols B
)
<figures/Proaut_Logo_2014.pdf, id=3, 441.65pt x 366.36874pt>
File: figures/Proaut_Logo_2014.pdf Graphic file (type pdf)

<use figures/Proaut_Logo_2014.pdf>
Package pdftex.def Info: figures/Proaut_Logo_2014.pdf used on input line 10.
(pdftex.def)             Requested size: 58.30606pt x 48.36958pt.

<figures/unihd.pdf, id=4, 189.91953pt x 99.60211pt>
File: figures/unihd.pdf Graphic file (type pdf)
 <use figures/unihd.pdf>
Package pdftex.def Info: figures/unihd.pdf used on input line 11.
(pdftex.def)             Requested size: 92.22966pt x 48.36958pt.


Class scrreprt Warning: Usage of deprecated font command `\sc'!
(scrreprt)              You should note, that in 1994 font command `\sc' has
(scrreprt)              been defined for compatiblitiy to Script 2.0 only.
(scrreprt)              Now, after two decades of LaTeX2e and NFSS2, you
(scrreprt)              shouldn't use such commands any longer and within
(scrreprt)              KOMA-Script usage of `\sc' is definitely deprecated.
(scrreprt)              See `fntguide.pdf' for more information about
(scrreprt)              recommended font commands.
(scrreprt)              Note also, that KOMA-Script will remove the definition
(scrreprt)              of `\sc' anytime until release of about version 3.20.
(scrreprt)              But for now, KOMA-Script will replace deprecated `\sc'
(scrreprt)              by `\normalfont \scshape ' on input line 20.


Class scrreprt Warning: Usage of deprecated font command `\bf'!
(scrreprt)              You should note, that in 1994 font command `\bf' has
(scrreprt)              been defined for compatiblitiy to Script 2.0 only.
(scrreprt)              Now, after two decades of LaTeX2e and NFSS2, you
(scrreprt)              shouldn't use such commands any longer and within
(scrreprt)              KOMA-Script usage of `\bf' is definitely deprecated.
(scrreprt)              See `fntguide.pdf' for more information about
(scrreprt)              recommended font commands.
(scrreprt)              Note also, that KOMA-Script will remove the definition
(scrreprt)              of `\bf' anytime until release of about version 3.20.
(scrreprt)              But for now, KOMA-Script will replace deprecated `\bf'
(scrreprt)              by `\normalfont \bfseries ' on input line 22.


Class scrreprt Warning: Usage of deprecated font command `\bf'!
(scrreprt)              You should note, that in 1994 font command `\bf' has
(scrreprt)              been defined for compatiblitiy to Script 2.0 only.
(scrreprt)              Now, after two decades of LaTeX2e and NFSS2, you
(scrreprt)              shouldn't use such commands any longer and within
(scrreprt)              KOMA-Script usage of `\bf' is definitely deprecated.
(scrreprt)              See `fntguide.pdf' for more information about
(scrreprt)              recommended font commands.
(scrreprt)              Note also, that KOMA-Script will remove the definition
(scrreprt)              of `\bf' anytime until release of about version 3.20.
(scrreprt)              But for now, KOMA-Script will replace deprecated `\bf'
(scrreprt)              by `\normalfont \bfseries ' on input line 24.


Class scrreprt Warning: Usage of deprecated font command `\bf'!
(scrreprt)              You should note, that in 1994 font command `\bf' has
(scrreprt)              been defined for compatiblitiy to Script 2.0 only.
(scrreprt)              Now, after two decades of LaTeX2e and NFSS2, you
(scrreprt)              shouldn't use such commands any longer and within
(scrreprt)              KOMA-Script usage of `\bf' is definitely deprecated.
(scrreprt)              See `fntguide.pdf' for more information about
(scrreprt)              recommended font commands.
(scrreprt)              Note also, that KOMA-Script will remove the definition
(scrreprt)              of `\bf' anytime until release of about version 3.20.
(scrreprt)              But for now, KOMA-Script will replace deprecated `\bf'
(scrreprt)              by `\normalfont \bfseries ' on input line 28.

[1




{C:/Users/Elena/AppData/Local/MiKTeX/2.9/pdftex/config/pdftex.map} <./figures/P
roaut_Logo_2014.pdf> <./figures/unihd.pdf>])
\openout2 = `source/explanation.aux'.

 (source/explanation.tex)
[2




]
\openout2 = `source/abstract.aux'.

 (source/abstract.tex
LaTeX Font Info:    Try loading font information for T1+phv on input line 2.

("C:\Program Files (x86)\MiKTeX 2.9\tex\latex\psnfss\t1phv.fd"
File: t1phv.fd 2001/06/04 scalable font definitions for T1/phv.
)
LaTeX Font Info:    Font shape `T1/phv/bx/n' in size <10.95> not available
(Font)              Font shape `T1/phv/b/n' tried instead on input line 2.
 [3




])
\openout2 = `source/acknowledgements.aux'.


(source/acknowledgements.tex) [4


]
\openout2 = `source/lists.aux'.

 (source/lists.tex

Class scrreprt Warning: Usage of deprecated font command `\bf'!
(scrreprt)              You should note, that in 1994 font command `\bf' has
(scrreprt)              been defined for compatiblitiy to Script 2.0 only.
(scrreprt)              Now, after two decades of LaTeX2e and NFSS2, you
(scrreprt)              shouldn't use such commands any longer and within
(scrreprt)              KOMA-Script usage of `\bf' is definitely deprecated.
(scrreprt)              See `fntguide.pdf' for more information about
(scrreprt)              recommended font commands.
(scrreprt)              Note also, that KOMA-Script will remove the definition
(scrreprt)              of `\bf' anytime until release of about version 3.20.
(scrreprt)              But for now, KOMA-Script will replace deprecated `\bf'
(scrreprt)              by `\normalfont \bfseries ' on input line 1.

LaTeX Font Info:    Font shape `T1/phv/bx/n' in size <24.88> not available
(Font)              Font shape `T1/phv/b/n' tried instead on input line 1.
("Latex-Framework Masterarbeit.toc" [5



]

LaTeX Warning: Reference `app:2' on page vi undefined on input line 125.

)
\tf@toc=\write5
\openout5 = `"Latex-Framework Masterarbeit.toc"'.

 [6] [7]

Class scrreprt Warning: Usage of deprecated font command `\bf'!
(scrreprt)              You should note, that in 1994 font command `\bf' has
(scrreprt)              been defined for compatiblitiy to Script 2.0 only.
(scrreprt)              Now, after two decades of LaTeX2e and NFSS2, you
(scrreprt)              shouldn't use such commands any longer and within
(scrreprt)              KOMA-Script usage of `\bf' is definitely deprecated.
(scrreprt)              See `fntguide.pdf' for more information about
(scrreprt)              recommended font commands.
(scrreprt)              Note also, that KOMA-Script will remove the definition
(scrreprt)              of `\bf' anytime until release of about version 3.20.
(scrreprt)              But for now, KOMA-Script will replace deprecated `\bf'
(scrreprt)              by `\normalfont \bfseries ' on input line 2.

("Latex-Framework Masterarbeit.lof" [8

])
\tf@lof=\write6
\openout6 = `"Latex-Framework Masterarbeit.lof"'.

 [9]

Class scrreprt Warning: Usage of deprecated font command `\bf'!
(scrreprt)              You should note, that in 1994 font command `\bf' has
(scrreprt)              been defined for compatiblitiy to Script 2.0 only.
(scrreprt)              Now, after two decades of LaTeX2e and NFSS2, you
(scrreprt)              shouldn't use such commands any longer and within
(scrreprt)              KOMA-Script usage of `\bf' is definitely deprecated.
(scrreprt)              See `fntguide.pdf' for more information about
(scrreprt)              recommended font commands.
(scrreprt)              Note also, that KOMA-Script will remove the definition
(scrreprt)              of `\bf' anytime until release of about version 3.20.
(scrreprt)              But for now, KOMA-Script will replace deprecated `\bf'
(scrreprt)              by `\normalfont \bfseries ' on input line 3.

("Latex-Framework Masterarbeit.lot")
\tf@lot=\write7
\openout7 = `"Latex-Framework Masterarbeit.lot"'.

)
No file "Latex-Framework Masterarbeit".nls.
[10

]
\openout2 = `source/Introduction.aux'.

 (source/Introduction.tex
chapter 1.

Class scrreprt Warning: Usage of deprecated font command `\bf'!
(scrreprt)              You should note, that in 1994 font command `\bf' has
(scrreprt)              been defined for compatiblitiy to Script 2.0 only.
(scrreprt)              Now, after two decades of LaTeX2e and NFSS2, you
(scrreprt)              shouldn't use such commands any longer and within
(scrreprt)              KOMA-Script usage of `\bf' is definitely deprecated.
(scrreprt)              See `fntguide.pdf' for more information about
(scrreprt)              recommended font commands.
(scrreprt)              Note also, that KOMA-Script will remove the definition
(scrreprt)              of `\bf' anytime until release of about version 3.20.
(scrreprt)              But for now, KOMA-Script will replace deprecated `\bf'
(scrreprt)              by `\normalfont \bfseries ' on input line 1.

LaTeX Font Info:    Try loading font information for U+eur on input line 1.
("C:\Program Files (x86)\MiKTeX 2.9\tex\latex\amsfonts\ueur.fd"
File: ueur.fd 2013/01/14 v3.01 Euler Roman
) [1



]
LaTeX Font Info:    Try loading font information for OMS+cmr on input line 12.

("C:\Program Files (x86)\MiKTeX 2.9\tex\latex\base\omscmr.fd"
File: omscmr.fd 2014/09/29 v2.5h Standard LaTeX font definitions
)
LaTeX Font Info:    Font shape `OMS/cmr/m/n' in size <10.95> not available
(Font)              Font shape `OMS/cmsy/m/n' tried instead on input line 12.
 [2] [3] [4]
[5] [6]) [7]
\openout2 = `source/Fundamentals.aux'.

 (source/Fundamentals.tex
chapter 2.

Class scrreprt Warning: Usage of deprecated font command `\bf'!
(scrreprt)              You should note, that in 1994 font command `\bf' has
(scrreprt)              been defined for compatiblitiy to Script 2.0 only.
(scrreprt)              Now, after two decades of LaTeX2e and NFSS2, you
(scrreprt)              shouldn't use such commands any longer and within
(scrreprt)              KOMA-Script usage of `\bf' is definitely deprecated.
(scrreprt)              See `fntguide.pdf' for more information about
(scrreprt)              recommended font commands.
(scrreprt)              Note also, that KOMA-Script will remove the definition
(scrreprt)              of `\bf' anytime until release of about version 3.20.
(scrreprt)              But for now, KOMA-Script will replace deprecated `\bf'
(scrreprt)              by `\normalfont \bfseries ' on input line 1.

[8



] [9] [10] [11]
<figures/planetaryGear.png, id=346, 1915.155pt x 1029.8475pt>
File: figures/planetaryGear.png Graphic file (type png)

<use figures/planetaryGear.png>
Package pdftex.def Info: figures/planetaryGear.png used on input line 38.
(pdftex.def)             Requested size: 287.26085pt x 154.47046pt.
 [12 <./figures/planetaryGear.png (PNG copy)>]

LaTeX Warning: `h' float specifier changed to `ht'.

[13] [14] [15] [16]
<figures/nashSolution.png, id=386, 606.76688pt x 517.935pt>
File: figures/nashSolution.png Graphic file (type png)

<use figures/nashSolution.png>
Package pdftex.def Info: figures/nashSolution.png used on input line 146.
(pdftex.def)             Requested size: 303.38269pt x 258.96686pt.
 [17 <./figures/nashSolution.png>] [18] [19]
[20] [21] [22]
<figures/kalaiSmorodinskySolution.png, id=447, 590.205pt x 518.6878pt>
File: figures/kalaiSmorodinskySolution.png Graphic file (type png)

<use figures/kalaiSmorodinskySolution.png>
Package pdftex.def Info: figures/kalaiSmorodinskySolution.png used on input lin
e 247.
(pdftex.def)             Requested size: 295.10178pt x 259.34326pt.
 [23 <./figures/kalaiSmorodinskySolution.png>] [24] [25]) [26]
\openout2 = `source/Implementation.aux'.

 (source/Implementation.tex
chapter 3.

Class scrreprt Warning: Usage of deprecated font command `\bf'!
(scrreprt)              You should note, that in 1994 font command `\bf' has
(scrreprt)              been defined for compatiblitiy to Script 2.0 only.
(scrreprt)              Now, after two decades of LaTeX2e and NFSS2, you
(scrreprt)              shouldn't use such commands any longer and within
(scrreprt)              KOMA-Script usage of `\bf' is definitely deprecated.
(scrreprt)              See `fntguide.pdf' for more information about
(scrreprt)              recommended font commands.
(scrreprt)              Note also, that KOMA-Script will remove the definition
(scrreprt)              of `\bf' anytime until release of about version 3.20.
(scrreprt)              But for now, KOMA-Script will replace deprecated `\bf'
(scrreprt)              by `\normalfont \bfseries ' on input line 1.

<figures/FTP75.png, id=477, 907.89188pt x 642.90187pt>
File: figures/FTP75.png Graphic file (type png)
 <use figures/FTP75.png>
Package pdftex.def Info: figures/FTP75.png used on input line 16.
(pdftex.def)             Requested size: 408.54758pt x 289.30316pt.

Overfull \hbox (2.24216pt too wide) in paragraph at lines 16--17
 [][] 
 []


LaTeX Warning: `h' float specifier changed to `ht'.

[27



] <figures/NEDC.png, id=484, 908.64468pt x 634.62094pt>
File: figures/NEDC.png Graphic file (type png)

<use figures/NEDC.png>
Package pdftex.def Info: figures/NEDC.png used on input line 25.
(pdftex.def)             Requested size: 408.88634pt x 285.57678pt.

Overfull \hbox (2.58092pt too wide) in paragraph at lines 25--26
 [][] 
 []


LaTeX Warning: `h' float specifier changed to `ht'.

[28 <./figures/FTP75.png (PNG copy)>] [29 <./figures/NEDC.png (PNG copy)>]
[30]

LaTeX Warning: Reference `fig:engineTorqueSpeed' on page 31 undefined on input 
line 51.

[31]

LaTeX Warning: Reference `fig:batteryDischarge' on page 32 undefined on input l
ine 60.


Overfull \hbox (14.47696pt too wide) in paragraph at lines 72--72
[] 
 []

[32] [33] [34] [35] <figures/tire.png, id=538, 163.3603pt x 211.54031pt>
File: figures/tire.png Graphic file (type png)

<use figures/tire.png>
Package pdftex.def Info: figures/tire.png used on input line 103.
(pdftex.def)             Requested size: 130.6884pt x 169.23247pt.
 [36 <./figures/tire.png>]

LaTeX Warning: Reference `fig:fuelFit' on page 37 undefined on input line 121.


LaTeX Warning: Reference `fig:powerFit' on page 37 undefined on input line 121.


<figures/CO.png, id=553, 553.31718pt x 431.36156pt>
File: figures/CO.png Graphic file (type png)
 <use figures/CO.png>
Package pdftex.def Info: figures/CO.png used on input line 127.
(pdftex.def)             Requested size: 276.65791pt x 215.68025pt.

[37] <figures/HC.png, id=560, 553.31718pt x 426.84468pt>
File: figures/HC.png Graphic file (type png)
 <use figures/HC.png>
Package pdftex.def Info: figures/HC.png used on input line 134.
(pdftex.def)             Requested size: 276.65791pt x 213.42181pt.


LaTeX Warning: `h' float specifier changed to `ht'.

<figures/NOX.png, id=561, 550.30594pt x 428.35031pt>
File: figures/NOX.png Graphic file (type png)
 <use figures/NOX.png>
Package pdftex.def Info: figures/NOX.png used on input line 141.
(pdftex.def)             Requested size: 275.1523pt x 214.17462pt.


LaTeX Warning: `h' float specifier changed to `ht'.

[38 <./figures/CO.png (PNG copy)>] [39 <./figures/HC.png (PNG copy)>] [40 <./fi
gures/NOX.png (PNG copy)>] [41] [42] [43] [44] [45] [46] [47]
Overfull \hbox (2.92296pt too wide) in paragraph at lines 249--249
[]|$\OML/cmm/m/it/10.95 a[]$| 
 []


Overfull \hbox (2.92296pt too wide) in paragraph at lines 249--249
[]|$\OML/cmm/m/it/10.95 a[]$| 
 []


Overfull \hbox (2.92296pt too wide) in paragraph at lines 249--249
[]|$\OML/cmm/m/it/10.95 a[]$| 
 []


Overfull \hbox (2.92296pt too wide) in paragraph at lines 249--249
[]|$\OML/cmm/m/it/10.95 a[]$| 
 []


Overfull \hbox (2.92296pt too wide) in paragraph at lines 249--249
[]|$\OML/cmm/m/it/10.95 a[]$| 
 []


Overfull \hbox (2.92296pt too wide) in paragraph at lines 249--249
[]|$\OML/cmm/m/it/10.95 a[]$| 
 []


Overfull \hbox (2.92296pt too wide) in paragraph at lines 249--249
[]|$\OML/cmm/m/it/10.95 a[]$| 
 []


Overfull \hbox (2.92296pt too wide) in paragraph at lines 250--250
[]|$\OML/cmm/m/it/10.95 a[]$| 
 []


Overfull \hbox (2.92296pt too wide) in paragraph at lines 250--250
[]|$\OML/cmm/m/it/10.95 a[]$| 
 []


Overfull \hbox (2.92296pt too wide) in paragraph at lines 250--250
[]|$\OML/cmm/m/it/10.95 a[]$| 
 []


Overfull \hbox (2.92296pt too wide) in paragraph at lines 250--250
[]|$\OML/cmm/m/it/10.95 a[]$| 
 []


Overfull \hbox (2.92296pt too wide) in paragraph at lines 250--250
[]|$\OML/cmm/m/it/10.95 a[]$| 
 []


Overfull \hbox (2.92296pt too wide) in paragraph at lines 250--250
[]|$\OML/cmm/m/it/10.95 a[]$| 
 []


Overfull \hbox (2.92296pt too wide) in paragraph at lines 250--250
[]|$\OML/cmm/m/it/10.95 a[]$| 
 []


Overfull \hbox (2.92296pt too wide) in paragraph at lines 251--251
[]|$\OML/cmm/m/it/10.95 a[]$| 
 []


Overfull \hbox (2.92296pt too wide) in paragraph at lines 251--251
[]|$\OML/cmm/m/it/10.95 a[]$| 
 []


Overfull \hbox (2.92296pt too wide) in paragraph at lines 251--251
[]|$\OML/cmm/m/it/10.95 a[]$| 
 []


Overfull \hbox (2.92296pt too wide) in paragraph at lines 251--251
[]|$\OML/cmm/m/it/10.95 a[]$| 
 []


Overfull \hbox (2.92296pt too wide) in paragraph at lines 251--251
[]|$\OML/cmm/m/it/10.95 a[]$| 
 []


Overfull \hbox (2.92296pt too wide) in paragraph at lines 251--251
[]|$\OML/cmm/m/it/10.95 a[]$| 
 []


Overfull \hbox (2.92296pt too wide) in paragraph at lines 251--251
[]|$\OML/cmm/m/it/10.95 a[]$| 
 []


Overfull \hbox (2.92296pt too wide) in paragraph at lines 252--252
[]|$\OML/cmm/m/it/10.95 a[]$| 
 []


Overfull \hbox (2.92296pt too wide) in paragraph at lines 252--252
[]|$\OML/cmm/m/it/10.95 a[]$| 
 []


Overfull \hbox (2.92296pt too wide) in paragraph at lines 252--252
[]|$\OML/cmm/m/it/10.95 a[]$| 
 []


Overfull \hbox (2.92296pt too wide) in paragraph at lines 252--252
[]|$\OML/cmm/m/it/10.95 a[]$| 
 []


Overfull \hbox (2.92296pt too wide) in paragraph at lines 252--252
[]|$\OML/cmm/m/it/10.95 a[]$| 
 []


Overfull \hbox (2.92296pt too wide) in paragraph at lines 252--252
[]|$\OML/cmm/m/it/10.95 a[]$| 
 []


Overfull \hbox (2.92296pt too wide) in paragraph at lines 252--252
[]|$\OML/cmm/m/it/10.95 a[]$| 
 []


Overfull \hbox (2.92296pt too wide) in paragraph at lines 253--253
[]|$\OML/cmm/m/it/10.95 a[]$| 
 []


Overfull \hbox (2.92296pt too wide) in paragraph at lines 253--253
[]|$\OML/cmm/m/it/10.95 a[]$| 
 []


Overfull \hbox (2.92296pt too wide) in paragraph at lines 253--253
[]|$\OML/cmm/m/it/10.95 a[]$| 
 []


Overfull \hbox (2.92296pt too wide) in paragraph at lines 253--253
[]|$\OML/cmm/m/it/10.95 a[]$| 
 []


Overfull \hbox (2.92296pt too wide) in paragraph at lines 253--253
[]|$\OML/cmm/m/it/10.95 a[]$| 
 []


Overfull \hbox (2.92296pt too wide) in paragraph at lines 253--253
[]|$\OML/cmm/m/it/10.95 a[]$| 
 []


Overfull \hbox (2.92296pt too wide) in paragraph at lines 253--253
[]|$\OML/cmm/m/it/10.95 a[]$| 
 []


Overfull \hbox (2.92296pt too wide) in paragraph at lines 254--254
[]|$\OML/cmm/m/it/10.95 a[]$| 
 []


Overfull \hbox (2.92296pt too wide) in paragraph at lines 254--254
[]|$\OML/cmm/m/it/10.95 a[]$| 
 []


Overfull \hbox (2.92296pt too wide) in paragraph at lines 254--254
[]|$\OML/cmm/m/it/10.95 a[]$| 
 []


Overfull \hbox (2.92296pt too wide) in paragraph at lines 254--254
[]|$\OML/cmm/m/it/10.95 a[]$| 
 []


Overfull \hbox (2.92296pt too wide) in paragraph at lines 254--254
[]|$\OML/cmm/m/it/10.95 a[]$| 
 []


Overfull \hbox (2.92296pt too wide) in paragraph at lines 254--254
[]|$\OML/cmm/m/it/10.95 a[]$| 
 []


Overfull \hbox (2.92296pt too wide) in paragraph at lines 254--254
[]|$\OML/cmm/m/it/10.95 a[]$| 
 []


Overfull \hbox (2.92296pt too wide) in paragraph at lines 255--255
[]|$\OML/cmm/m/it/10.95 a[]$| 
 []


Overfull \hbox (2.92296pt too wide) in paragraph at lines 255--255
[]|$\OML/cmm/m/it/10.95 a[]$| 
 []


Overfull \hbox (2.92296pt too wide) in paragraph at lines 255--255
[]|$\OML/cmm/m/it/10.95 a[]$| 
 []


Overfull \hbox (2.92296pt too wide) in paragraph at lines 255--255
[]|$\OML/cmm/m/it/10.95 a[]$| 
 []


Overfull \hbox (2.92296pt too wide) in paragraph at lines 255--255
[]|$\OML/cmm/m/it/10.95 a[]$| 
 []


Overfull \hbox (2.92296pt too wide) in paragraph at lines 255--255
[]|$\OML/cmm/m/it/10.95 a[]$| 
 []


Overfull \hbox (2.92296pt too wide) in paragraph at lines 255--255
[]|$\OML/cmm/m/it/10.95 a[]$| 
 []


LaTeX Warning: `h' float specifier changed to `ht'.

[48] [49]) [50]
\openout2 = `source/Simulation.aux'.

 (source/Simulation.tex
chapter 4.

Class scrreprt Warning: Usage of deprecated font command `\bf'!
(scrreprt)              You should note, that in 1994 font command `\bf' has
(scrreprt)              been defined for compatiblitiy to Script 2.0 only.
(scrreprt)              Now, after two decades of LaTeX2e and NFSS2, you
(scrreprt)              shouldn't use such commands any longer and within
(scrreprt)              KOMA-Script usage of `\bf' is definitely deprecated.
(scrreprt)              See `fntguide.pdf' for more information about
(scrreprt)              recommended font commands.
(scrreprt)              Note also, that KOMA-Script will remove the definition
(scrreprt)              of `\bf' anytime until release of about version 3.20.
(scrreprt)              But for now, KOMA-Script will replace deprecated `\bf'
(scrreprt)              by `\normalfont \bfseries ' on input line 1.

[51



] [52] [53]

LaTeX Warning: Float too large for page by 68.42538pt on input line 122.


LaTeX Warning: `h' float specifier changed to `ht'.

) [54] [55]
\openout2 = `source/Results.aux'.

 (source/Results.tex
chapter 5.

Class scrreprt Warning: Usage of deprecated font command `\bf'!
(scrreprt)              You should note, that in 1994 font command `\bf' has
(scrreprt)              been defined for compatiblitiy to Script 2.0 only.
(scrreprt)              Now, after two decades of LaTeX2e and NFSS2, you
(scrreprt)              shouldn't use such commands any longer and within
(scrreprt)              KOMA-Script usage of `\bf' is definitely deprecated.
(scrreprt)              See `fntguide.pdf' for more information about
(scrreprt)              recommended font commands.
(scrreprt)              Note also, that KOMA-Script will remove the definition
(scrreprt)              of `\bf' anytime until release of about version 3.20.
(scrreprt)              But for now, KOMA-Script will replace deprecated `\bf'
(scrreprt)              by `\normalfont \bfseries ' on input line 1.

[56



] [57]) [58]
\openout2 = `source/Discussion.aux'.

 (source/Discussion.tex
chapter 6.

Class scrreprt Warning: Usage of deprecated font command `\bf'!
(scrreprt)              You should note, that in 1994 font command `\bf' has
(scrreprt)              been defined for compatiblitiy to Script 2.0 only.
(scrreprt)              Now, after two decades of LaTeX2e and NFSS2, you
(scrreprt)              shouldn't use such commands any longer and within
(scrreprt)              KOMA-Script usage of `\bf' is definitely deprecated.
(scrreprt)              See `fntguide.pdf' for more information about
(scrreprt)              recommended font commands.
(scrreprt)              Note also, that KOMA-Script will remove the definition
(scrreprt)              of `\bf' anytime until release of about version 3.20.
(scrreprt)              But for now, KOMA-Script will replace deprecated `\bf'
(scrreprt)              by `\normalfont \bfseries ' on input line 1.

) [59



]
chapter without number

Class scrreprt Warning: Usage of deprecated font command `\bf'!
(scrreprt)              You should note, that in 1994 font command `\bf' has
(scrreprt)              been defined for compatiblitiy to Script 2.0 only.
(scrreprt)              Now, after two decades of LaTeX2e and NFSS2, you
(scrreprt)              shouldn't use such commands any longer and within
(scrreprt)              KOMA-Script usage of `\bf' is definitely deprecated.
(scrreprt)              See `fntguide.pdf' for more information about
(scrreprt)              recommended font commands.
(scrreprt)              Note also, that KOMA-Script will remove the definition
(scrreprt)              of `\bf' anytime until release of about version 3.20.
(scrreprt)              But for now, KOMA-Script will replace deprecated `\bf'
(scrreprt)              by `\normalfont \bfseries ' on input line 63.

[60


] [61] [62]
\openout2 = `source/appendix.aux'.

 (source/appendix.tex
chapter A.

Class scrreprt Warning: Usage of deprecated font command `\bf'!
(scrreprt)              You should note, that in 1994 font command `\bf' has
(scrreprt)              been defined for compatiblitiy to Script 2.0 only.
(scrreprt)              Now, after two decades of LaTeX2e and NFSS2, you
(scrreprt)              shouldn't use such commands any longer and within
(scrreprt)              KOMA-Script usage of `\bf' is definitely deprecated.
(scrreprt)              See `fntguide.pdf' for more information about
(scrreprt)              recommended font commands.
(scrreprt)              Note also, that KOMA-Script will remove the definition
(scrreprt)              of `\bf' anytime until release of about version 3.20.
(scrreprt)              But for now, KOMA-Script will replace deprecated `\bf'
(scrreprt)              by `\normalfont \bfseries ' on input line 2.


<figures/NashEquilibrium/FTP75-1/gameTheory13Juni.png, id=760, 836.3747pt x 505
.89pt>
File: figures/NashEquilibrium/FTP75-1/gameTheory13Juni.png Graphic file (type p
ng)
 <use figures/NashEquilibrium/FTP75-1/gameTheory13Juni.png>
Package pdftex.def Info: figures/NashEquilibrium/FTP75-1/gameTheory13Juni.png u
sed on input line 11.
(pdftex.def)             Requested size: 334.54396pt x 202.3524pt.

<figures/NashEquilibrium/FTP75-1/driveCycle13Juni.png, id=761, 919.93687pt x 57
4.39594pt>
File: figures/NashEquilibrium/FTP75-1/driveCycle13Juni.png Graphic file (type p
ng)
 <use figures/NashEquilibrium/FTP75-1/driveCycle13Juni.png>
Package pdftex.def Info: figures/NashEquilibrium/FTP75-1/driveCycle13Juni.png u
sed on input line 18.
(pdftex.def)             Requested size: 367.96823pt x 229.75429pt.


LaTeX Warning: `h' float specifier changed to `ht'.


<figures/NashEquilibrium/FTP75-1/powerController13Juni.png, id=762, 781.41937pt
 x 711.4078pt>
File: figures/NashEquilibrium/FTP75-1/powerController13Juni.png Graphic file (t
ype png)
 <use figures/NashEquilibrium/FTP75-1/powerController13Juni.png>
Package pdftex.def Info: figures/NashEquilibrium/FTP75-1/powerController13Juni.
png used on input line 25.
(pdftex.def)             Requested size: 312.56221pt x 284.55807pt.


LaTeX Warning: `h' float specifier changed to `ht'.


<figures/NashEquilibrium/FTP75-1/engine13Juni.png, id=763, 807.7678pt x 670.003
13pt>
File: figures/NashEquilibrium/FTP75-1/engine13Juni.png Graphic file (type png)
 <use figures/NashEquilibrium/FTP75-1/engine13Juni.png>
Package pdftex.def Info: figures/NashEquilibrium/FTP75-1/engine13Juni.png used 
on input line 32.
(pdftex.def)             Requested size: 298.8694pt x 247.89728pt.


LaTeX Warning: `h' float specifier changed to `ht'.


<figures/NashEquilibrium/FTP75-1/fuelEmissions13Juni.png, id=764, 789.70032pt x
 712.16063pt>
File: figures/NashEquilibrium/FTP75-1/fuelEmissions13Juni.png Graphic file (typ
e png)
 <use figures/NashEquilibrium/FTP75-1/fuelEmissions13Juni.png>
Package pdftex.def Info: figures/NashEquilibrium/FTP75-1/fuelEmissions13Juni.pn
g used on input line 39.
(pdftex.def)             Requested size: 315.87453pt x 284.8592pt.


LaTeX Warning: `h' float specifier changed to `ht'.


<figures/NashEquilibrium/FTP75-2/gameTheory13Juni.png, id=765, 867.99281pt x 52
0.19344pt>
File: figures/NashEquilibrium/FTP75-2/gameTheory13Juni.png Graphic file (type p
ng)
 <use figures/NashEquilibrium/FTP75-2/gameTheory13Juni.png>
Package pdftex.def Info: figures/NashEquilibrium/FTP75-2/gameTheory13Juni.png u
sed on input line 49.
(pdftex.def)             Requested size: 347.19098pt x 208.07368pt.


LaTeX Warning: `h' float specifier changed to `ht'.


<figures/NashEquilibrium/FTP75-2/driveCycle13Juni.png, id=766, 922.19531pt x 57
6.65437pt>
File: figures/NashEquilibrium/FTP75-2/driveCycle13Juni.png Graphic file (type p
ng)
 <use figures/NashEquilibrium/FTP75-2/driveCycle13Juni.png>
Package pdftex.def Info: figures/NashEquilibrium/FTP75-2/driveCycle13Juni.png u
sed on input line 56.
(pdftex.def)             Requested size: 368.8716pt x 230.65765pt.


LaTeX Warning: `h' float specifier changed to `ht'.


<figures/NashEquilibrium/FTP75-2/powerController13Juni.png, id=767, 782.17218pt
 x 711.4078pt>
File: figures/NashEquilibrium/FTP75-2/powerController13Juni.png Graphic file (t
ype png)
 <use figures/NashEquilibrium/FTP75-2/powerController13Juni.png>
Package pdftex.def Info: figures/NashEquilibrium/FTP75-2/powerController13Juni.
png used on input line 63.
(pdftex.def)             Requested size: 312.86333pt x 284.55807pt.


LaTeX Warning: `h' float specifier changed to `ht'.


<figures/NashEquilibrium/FTP75-2/engine13Juni.png, id=768, 808.52063pt x 668.49
75pt>
File: figures/NashEquilibrium/FTP75-2/engine13Juni.png Graphic file (type png)
 <use figures/NashEquilibrium/FTP75-2/engine13Juni.png>
Package pdftex.def Info: figures/NashEquilibrium/FTP75-2/engine13Juni.png used 
on input line 70.
(pdftex.def)             Requested size: 299.14795pt x 247.3402pt.


LaTeX Warning: `h' float specifier changed to `ht'.


<figures/NashEquilibrium/FTP75-2/fuelEmissions13Juni.png, id=769, 790.45313pt x
 711.4078pt>
File: figures/NashEquilibrium/FTP75-2/fuelEmissions13Juni.png Graphic file (typ
e png)
 <use figures/NashEquilibrium/FTP75-2/fuelEmissions13Juni.png>
Package pdftex.def Info: figures/NashEquilibrium/FTP75-2/fuelEmissions13Juni.pn
g used on input line 77.
(pdftex.def)             Requested size: 316.17564pt x 284.55807pt.


LaTeX Warning: `h' float specifier changed to `ht'.


<figures/NashEquilibrium/FTP75-3/gameTheory15Juni.png, id=770, 866.48718pt x 51
7.935pt>
File: figures/NashEquilibrium/FTP75-3/gameTheory15Juni.png Graphic file (type p
ng)
 <use figures/NashEquilibrium/FTP75-3/gameTheory15Juni.png>
Package pdftex.def Info: figures/NashEquilibrium/FTP75-3/gameTheory15Juni.png u
sed on input line 86.
(pdftex.def)             Requested size: 346.58873pt x 207.17032pt.


LaTeX Warning: `h' float specifier changed to `ht'.


<figures/NashEquilibrium/FTP75-3/driveCycle15Juni.png, id=771, 919.18407pt x 54
4.28343pt>
File: figures/NashEquilibrium/FTP75-3/driveCycle15Juni.png Graphic file (type p
ng)
 <use figures/NashEquilibrium/FTP75-3/driveCycle15Juni.png>
Package pdftex.def Info: figures/NashEquilibrium/FTP75-3/driveCycle15Juni.png u
sed on input line 93.
(pdftex.def)             Requested size: 367.66711pt x 217.70952pt.


LaTeX Warning: `h' float specifier changed to `ht'.


<figures/NashEquilibrium/FTP75-3/powerController15Juni.png, id=772, 809.27344pt
 x 688.82344pt>
File: figures/NashEquilibrium/FTP75-3/powerController15Juni.png Graphic file (t
ype png)

<use figures/NashEquilibrium/FTP75-3/powerController15Juni.png>
Package pdftex.def Info: figures/NashEquilibrium/FTP75-3/powerController15Juni.
png used on input line 100.
(pdftex.def)             Requested size: 323.70364pt x 275.52449pt.


LaTeX Warning: `h' float specifier changed to `ht'.


<figures/NashEquilibrium/FTP75-3/engine15Juni.png, id=773, 808.52063pt x 669.25
03pt>
File: figures/NashEquilibrium/FTP75-3/engine15Juni.png Graphic file (type png)
 <use figures/NashEquilibrium/FTP75-3/engine15Juni.png>
Package pdftex.def Info: figures/NashEquilibrium/FTP75-3/engine15Juni.png used 
on input line 107.
(pdftex.def)             Requested size: 299.14795pt x 247.61873pt.


LaTeX Warning: `h' float specifier changed to `ht'.


<figures/NashEquilibrium/FTP75-3/fuelEmissions15Juni.png, id=774, 791.95876pt x
 713.66624pt>
File: figures/NashEquilibrium/FTP75-3/fuelEmissions15Juni.png Graphic file (typ
e png)
 <use figures/NashEquilibrium/FTP75-3/fuelEmissions15Juni.png>
Package pdftex.def Info: figures/NashEquilibrium/FTP75-3/fuelEmissions15Juni.pn
g used on input line 114.
(pdftex.def)             Requested size: 316.7779pt x 285.46143pt.


LaTeX Warning: `h' float specifier changed to `ht'.


<figures/NashEquilibrium/FTP75-4/gameTheory15Juni.png, id=775, 866.48718pt x 51
8.6878pt>
File: figures/NashEquilibrium/FTP75-4/gameTheory15Juni.png Graphic file (type p
ng)
 <use figures/NashEquilibrium/FTP75-4/gameTheory15Juni.png>
Package pdftex.def Info: figures/NashEquilibrium/FTP75-4/gameTheory15Juni.png u
sed on input line 123.
(pdftex.def)             Requested size: 346.58873pt x 207.47144pt.


LaTeX Warning: `h' float specifier changed to `ht'.


<figures/NashEquilibrium/FTP75-4/driveCycle15Juni.png, id=776, 919.18407pt x 54
8.0475pt>
File: figures/NashEquilibrium/FTP75-4/driveCycle15Juni.png Graphic file (type p
ng)
 <use figures/NashEquilibrium/FTP75-4/driveCycle15Juni.png>
Package pdftex.def Info: figures/NashEquilibrium/FTP75-4/driveCycle15Juni.png u
sed on input line 130.
(pdftex.def)             Requested size: 367.66711pt x 219.2151pt.


LaTeX Warning: `h' float specifier changed to `ht'.


<figures/NashEquilibrium/FTP75-4/powerController15Juni.png, id=777, 809.27344pt
 x 687.31781pt>
File: figures/NashEquilibrium/FTP75-4/powerController15Juni.png Graphic file (t
ype png)

<use figures/NashEquilibrium/FTP75-4/powerController15Juni.png>
Package pdftex.def Info: figures/NashEquilibrium/FTP75-4/powerController15Juni.
png used on input line 137.
(pdftex.def)             Requested size: 323.70364pt x 274.92226pt.


LaTeX Warning: `h' float specifier changed to `ht'.


<figures/NashEquilibrium/FTP75-5/gameTheory16Juni.png, id=778, 864.22874pt x 51
6.42938pt>
File: figures/NashEquilibrium/FTP75-5/gameTheory16Juni.png Graphic file (type p
ng)
 <use figures/NashEquilibrium/FTP75-5/gameTheory16Juni.png>
Package pdftex.def Info: figures/NashEquilibrium/FTP75-5/gameTheory16Juni.png u
sed on input line 147.
(pdftex.def)             Requested size: 345.68536pt x 206.56808pt.


LaTeX Warning: `h' float specifier changed to `ht'.


<figures/NashEquilibrium/FTP75-5/driveCycle16Juni.png, id=779, 919.18407pt x 54
7.2947pt>
File: figures/NashEquilibrium/FTP75-5/driveCycle16Juni.png Graphic file (type p
ng)
 <use figures/NashEquilibrium/FTP75-5/driveCycle16Juni.png>
Package pdftex.def Info: figures/NashEquilibrium/FTP75-5/driveCycle16Juni.png u
sed on input line 154.
(pdftex.def)             Requested size: 367.66711pt x 218.91399pt.


LaTeX Warning: `h' float specifier changed to `ht'.


<figures/NashEquilibrium/FTP75-5/powerController16Juni.png, id=780, 841.64438pt
 x 689.57625pt>
File: figures/NashEquilibrium/FTP75-5/powerController16Juni.png Graphic file (t
ype png)

<use figures/NashEquilibrium/FTP75-5/powerController16Juni.png>
Package pdftex.def Info: figures/NashEquilibrium/FTP75-5/powerController16Juni.
png used on input line 161.
(pdftex.def)             Requested size: 336.6518pt x 275.8256pt.


LaTeX Warning: `h' float specifier changed to `ht'.


<figures/NashEquilibrium/FTP75-5/engine16Juni.png, id=781, 807.7678pt x 668.497
5pt>
File: figures/NashEquilibrium/FTP75-5/engine16Juni.png Graphic file (type png)
 <use figures/NashEquilibrium/FTP75-5/engine16Juni.png>
Package pdftex.def Info: figures/NashEquilibrium/FTP75-5/engine16Juni.png used 
on input line 168.
(pdftex.def)             Requested size: 298.8694pt x 247.3402pt.


LaTeX Warning: `h' float specifier changed to `ht'.

[63


 <./figures/NashEquilibrium/FTP75-1/gameTheory13Juni.png>] [64 <./figures/NashE
quilibrium/FTP75-1/driveCycle13Juni.png> <./figures/NashEquilibrium/FTP75-1/pow
erController13Juni.png>] [65 <./figures/NashEquilibrium/FTP75-1/engine13Juni.pn
g> <./figures/NashEquilibrium/FTP75-1/fuelEmissions13Juni.png>] [66 <./figures/
NashEquilibrium/FTP75-2/gameTheory13Juni.png> <./figures/NashEquilibrium/FTP75-
2/driveCycle13Juni.png>] [67 <./figures/NashEquilibrium/FTP75-2/powerController
13Juni.png> <./figures/NashEquilibrium/FTP75-2/engine13Juni.png>] [68 <./figure
s/NashEquilibrium/FTP75-2/fuelEmissions13Juni.png> <./figures/NashEquilibrium/F
TP75-3/gameTheory15Juni.png>] [69 <./figures/NashEquilibrium/FTP75-3/driveCycle
15Juni.png> <./figures/NashEquilibrium/FTP75-3/powerController15Juni.png>]
[70 <./figures/NashEquilibrium/FTP75-3/engine15Juni.png> <./figures/NashEquilib
rium/FTP75-3/fuelEmissions15Juni.png>] [71 <./figures/NashEquilibrium/FTP75-4/g
ameTheory15Juni.png> <./figures/NashEquilibrium/FTP75-4/driveCycle15Juni.png>]
[72 <./figures/NashEquilibrium/FTP75-4/powerController15Juni.png> <./figures/Na
shEquilibrium/FTP75-5/gameTheory16Juni.png>] [73 <./figures/NashEquilibrium/FTP
75-5/driveCycle16Juni.png> <./figures/NashEquilibrium/FTP75-5/powerController16
Juni.png>] [74 <./figures/NashEquilibrium/FTP75-5/engine16Juni.png>]
chapter B.

Class scrreprt Warning: Usage of deprecated font command `\bf'!
(scrreprt)              You should note, that in 1994 font command `\bf' has
(scrreprt)              been defined for compatiblitiy to Script 2.0 only.
(scrreprt)              Now, after two decades of LaTeX2e and NFSS2, you
(scrreprt)              shouldn't use such commands any longer and within
(scrreprt)              KOMA-Script usage of `\bf' is definitely deprecated.
(scrreprt)              See `fntguide.pdf' for more information about
(scrreprt)              recommended font commands.
(scrreprt)              Note also, that KOMA-Script will remove the definition
(scrreprt)              of `\bf' anytime until release of about version 3.20.
(scrreprt)              But for now, KOMA-Script will replace deprecated `\bf'
(scrreprt)              by `\normalfont \bfseries ' on input line 173.


LaTeX Warning: Reference `app:2' on page 75 undefined on input line 173.


<figures/NashSolution/FTP75-1/gameTheory17Juni.png, id=865, 866.48718pt x 517.9
35pt>
File: figures/NashSolution/FTP75-1/gameTheory17Juni.png Graphic file (type png)

 <use figures/NashSolution/FTP75-1/gameTheory17Juni.png>
Package pdftex.def Info: figures/NashSolution/FTP75-1/gameTheory17Juni.png used
 on input line 180.
(pdftex.def)             Requested size: 346.58873pt x 207.17032pt.

<figures/NashSolution/FTP75-2/gameTheory19Juni.png, id=866, 867.24pt x 517.1821
9pt>
File: figures/NashSolution/FTP75-2/gameTheory19Juni.png Graphic file (type png)

 <use figures/NashSolution/FTP75-2/gameTheory19Juni.png>
Package pdftex.def Info: figures/NashSolution/FTP75-2/gameTheory19Juni.png used
 on input line 188.
(pdftex.def)             Requested size: 346.88986pt x 206.8692pt.


LaTeX Warning: `h' float specifier changed to `ht'.


<figures/NashSolution/FTP75-3/gameTheory20Juni.png, id=867, 863.47594pt x 517.9
35pt>
File: figures/NashSolution/FTP75-3/gameTheory20Juni.png Graphic file (type png)

 <use figures/NashSolution/FTP75-3/gameTheory20Juni.png>
Package pdftex.def Info: figures/NashSolution/FTP75-3/gameTheory20Juni.png used
 on input line 196.
(pdftex.def)             Requested size: 345.38426pt x 207.17032pt.


LaTeX Warning: `h' float specifier changed to `ht'.


<figures/NashSolution/FTP75-4/gameTheory21Juni.png, id=868, 862.72313pt x 517.1
8219pt>
File: figures/NashSolution/FTP75-4/gameTheory21Juni.png Graphic file (type png)

 <use figures/NashSolution/FTP75-4/gameTheory21Juni.png>
Package pdftex.def Info: figures/NashSolution/FTP75-4/gameTheory21Juni.png used
 on input line 204.
(pdftex.def)             Requested size: 345.08313pt x 206.8692pt.


LaTeX Warning: `h' float specifier changed to `ht'.


<figures/NashSolution/FTP75-5/gameTheory22Juni.png, id=869, 865.73438pt x 517.9
35pt>
File: figures/NashSolution/FTP75-5/gameTheory22Juni.png Graphic file (type png)

 <use figures/NashSolution/FTP75-5/gameTheory22Juni.png>
Package pdftex.def Info: figures/NashSolution/FTP75-5/gameTheory22Juni.png used
 on input line 212.
(pdftex.def)             Requested size: 346.28761pt x 207.17032pt.


LaTeX Warning: `h' float specifier changed to `ht'.

) [75

 <./figures/NashSolution/FTP75-1/gameTheory17Juni.png>]

LaTeX Warning: Reference `app:2' on page 76 undefined on input line 68.

[76 <./figures/NashSolution/FTP75-2/gameTheory19Juni.png> <./figures/NashSoluti
on/FTP75-3/gameTheory20Juni.png>]

LaTeX Warning: Reference `app:2' on page 77 undefined on input line 68.

[77 <./figures/NashSolution/FTP75-4/gameTheory21Juni.png> <./figures/NashSoluti
on/FTP75-5/gameTheory22Juni.png>]
Package atveryend Info: Empty hook `BeforeClearDocument' on input line 69.
Package atveryend Info: Empty hook `AfterLastShipout' on input line 69.
 ("Latex-Framework Masterarbeit.aux"
(source/cover.aux) (source/explanation.aux) (source/abstract.aux)
(source/acknowledgements.aux) (source/lists.aux) (source/Introduction.aux)
(source/Fundamentals.aux) (source/Implementation.aux) (source/Simulation.aux)
(source/Results.aux) (source/Discussion.aux) (source/appendix.aux))
Package atveryend Info: Executing hook `AtVeryEndDocument' on input line 69.


 *File List*
scrreprt.cls    2015/10/03 v3.19a KOMA-Script document class (report)
scrkbase.sty    2015/10/03 v3.19a KOMA-Script package (KOMA-Script-dependent ba
sics and keyval usage)
 scrbase.sty    2015/10/03 v3.19a KOMA-Script package (KOMA-Script-independent 
basics and keyval usage)
  keyval.sty    2014/10/28 v1.15 key=value parser (DPC)
scrlfile.sty    2015/10/03 v3.19a KOMA-Script package (loading files)
tocbasic.sty    2015/10/03 v3.19a KOMA-Script package (handling toc-files)
scrsize11pt.clo    2015/10/03 v3.19a KOMA-Script font size class option (11pt)
typearea.sty    2015/10/03 v3.19a KOMA-Script package (type area)
  config.tex
  ifthen.sty    2014/09/29 v1.1c Standard LaTeX ifthen package (DPC)
 gensymb.sty    2003/07/02 v1.0 (WaS)
inputenc.sty    2015/03/17 v1.2c Input encoding file
  latin1.def    2015/03/17 v1.2c Input encoding file
 fontenc.sty
   t1enc.def    2005/09/27 v1.99g Standard LaTeX file
   float.sty    2001/11/08 v1.3d Float enhancements (AL)
   babel.sty    2016/01/08 3.9n The Babel package
 bblopts.cfg    2006/07/31 v1.0 MiKTeX 'babel' configuration
 english.ldf    2012/08/20 v3.3p English support from the babel system
 english.ldf    2012/08/20 v3.3p English support from the babel system
 amssymb.sty    2013/01/14 v3.01 AMS font symbols
amsfonts.sty    2013/01/14 v3.01 Basic AMSFonts support
 amsmath.sty    2013/01/14 v2.14 AMS math features
 amstext.sty    2000/06/29 v2.01
  amsgen.sty    1999/11/30 v2.0
  amsbsy.sty    1999/11/29 v1.2d
  amsopn.sty    1999/12/14 v2.01 operator names
  amsthm.sty    2015/03/04 v2.20.2
  helvet.sty    2005/04/12 PSNFSS-v9.2a (WaS) 
  xspace.sty    2014/10/28 v1.13 Space after command names (DPC,MH)
multirow.sty    
tabularx.sty    2014/10/28 v2.10 `tabularx' package (DPC)
   array.sty    2014/10/28 v2.4c Tabular extension package (FMi)
enumitem.sty    2011/09/28 v3.5.2 Customized lists
 nomencl.sty    2005/09/22 v4.2 Nomenclature package (LN)
csquotes.sty    2016/01/31 v5.1g context-sensitive quotations (JAW)
etoolbox.sty    2015/08/02 v2.2a e-TeX tools for LaTeX (JAW)
csquotes.def    2016/01/31 v5.1g csquotes generic definitions (JAW)
csquotes.cfg    
biblatex.sty    2015/12/22 v3.2 programmable bibliographies (PK/JW/AB)
biblatex2.sty    2015/12/22 v3.2 programmable bibliographies (biber) (PK/JW/AB)

kvoptions.sty    2011/06/30 v3.11 Key value format for package options (HO)
 ltxcmds.sty    2011/11/09 v1.22 LaTeX kernel commands for general use (HO)
kvsetkeys.sty    2012/04/25 v1.16 Key value parser (HO)
infwarerr.sty    2010/04/08 v1.3 Providing info/warning/error messages (HO)
etexcmds.sty    2011/02/16 v1.5 Avoid name clashes with e-TeX commands (HO)
ifluatex.sty    2010/03/01 v1.3 Provides the ifluatex switch (HO)
  logreq.sty    2010/08/04 v1.0 xml request logger
  logreq.def    2010/08/04 v1.0 logreq spec v1.0
     url.sty    2013/09/16  ver 3.4  Verb mode for urls, etc.
  blx-dm.def
authoryear.dbx
biblatex-dm.cfg
blx-compat.def    2015/12/22 v3.2 biblatex compatibility (PK/JW/AB)
biblatex.def    
blx-natbib.def    2015/12/22 v3.2 biblatex compatibility (PK/JW/AB)
standard.bbx    2015/12/22 v3.2 biblatex bibliography style (PK/JW/AB)
authoryear.bbx    2015/12/22 v3.2 biblatex bibliography style (PK/JW/AB)
authoryear.cbx    2015/12/22 v3.2 biblatex citation style (PK/JW/AB)
biblatex.cfg    
 caption.sty    2016/02/02 v3.3-136 Customizing captions (AR)
caption3.sty    2016/02/02 v1.7-136 caption3 kernel (AR)
subcaption.sty    2016/02/02 v1.1-136 Sub-captions (AR)
 flafter.sty    2015/09/05 v1.3a Standard LaTeX floats after reference (FMi)
graphicx.sty    2014/10/28 v1.0g Enhanced LaTeX Graphics (DPC,SPQR)
graphics.sty    2014/10/28 v1.0p Standard LaTeX Graphics (DPC,SPQR)
    trig.sty    1999/03/16 v1.09 sin cos tan (DPC)
graphics.cfg    2007/01/18 v1.5 graphics configuration of teTeX/TeXLive
  pdftex.def    2011/05/27 v0.06d Graphics/color for pdfTeX
  xcolor.sty    2007/01/21 v2.11 LaTeX color extensions (UK)
   color.cfg    2007/01/18 v1.5 color configuration of teTeX/TeXLive
fancyhdr.sty    
setspace.sty    2011/12/19 v6.7a set line spacing
remreset.sty    
listings.sty    2015/06/04 1.6 (Carsten Heinz)
 lstmisc.sty    2015/06/04 1.6 (Carsten Heinz)
listings.cfg    2015/06/04 1.6 listings configuration
 courier.sty    2005/04/12 PSNFSS-v9.2a (WaS) 
titlesec.sty    2011/12/15 v2.10.0 Sectioning titles
   block.tss    2011/12/15
hyperref.sty    2012/11/06 v6.83m Hypertext links for LaTeX
hobsub-hyperref.sty    2012/04/25 v1.12 Bundle oberdiek, subset hyperref (HO)
hobsub-generic.sty    2012/04/25 v1.12 Bundle oberdiek, subset generic (HO)
  hobsub.sty    2012/04/25 v1.12 Construct package bundles (HO)
  ifvtex.sty    2010/03/01 v1.5 Detect VTeX and its facilities (HO)
 intcalc.sty    2007/09/27 v1.1 Expandable calculations with integers (HO)
   ifpdf.sty    2011/01/30 v2.3 Provides the ifpdf switch (HO)
kvdefinekeys.sty    2011/04/07 v1.3 Define keys (HO)
pdftexcmds.sty    2011/11/29 v0.20 Utility functions of pdfTeX for LuaTeX (HO)
pdfescape.sty    2011/11/25 v1.13 Implements pdfTeX's escape features (HO)
bigintcalc.sty    2012/04/08 v1.3 Expandable calculations on big integers (HO)
  bitset.sty    2011/01/30 v1.1 Handle bit-vector datatype (HO)
uniquecounter.sty    2011/01/30 v1.2 Provide unlimited unique counter (HO)
letltxmacro.sty    2010/09/02 v1.4 Let assignment for LaTeX macros (HO)
 hopatch.sty    2011/06/24 v1.1 Wrapper for package hooks (HO)
xcolor-patch.sty    2011/01/30 xcolor patch
atveryend.sty    2011/06/30 v1.8 Hooks at the very end of document (HO)
atbegshi.sty    2011/10/05 v1.16 At begin shipout hook (HO)
refcount.sty    2011/10/16 v3.4 Data extraction from label references (HO)
 hycolor.sty    2011/01/30 v1.7 Color options for hyperref/bookmark (HO)
 ifxetex.sty    2010/09/12 v0.6 Provides ifxetex conditional
 auxhook.sty    2011/03/04 v1.3 Hooks for auxiliary files (HO)
  pd1enc.def    2012/11/06 v6.83m Hyperref: PDFDocEncoding definition (HO)
hyperref.cfg    2002/06/06 v1.2 hyperref configuration of TeXLive
 hpdftex.def    2012/11/06 v6.83m Hyperref driver for pdfTeX
rerunfilecheck.sty    2011/04/15 v1.7 Rerun checks for auxiliary files (HO)
bookmark.sty    2011/12/02 v1.24 PDF bookmarks (HO)
bkm-pdftex.def    2011/12/02 v1.24 bookmark driver for pdfTeX (HO)
 scrhack.sty    2015/10/03 v3.19a KOMA-Script package 
   float.hak    2015/10/03 v3.19a KOMA-Script package (hacking package float)
listings.hak    2015/10/03 v3.19a KOMA-Script package (hacking package listings
)
setspace.hak    2015/10/03 v3.19a KOMA-Script package (hacking package setspace
)
 english.lbx    2015/12/22 v3.2 biblatex localization (PK/JW/AB)
 british.lbx    2015/12/22 v3.2 biblatex localization (PK/JW/AB)
UKenglish.lbx    2015/12/22 v3.2 biblatex localization (PK/JW/AB)
"Latex-Framework Masterarbeit".bbl
supp-pdf.mkii
 nameref.sty    2012/10/27 v2.43 Cross-referencing by name of section
gettitlestring.sty    2010/12/03 v1.4 Cleanup title references (HO)
source/cover.tex
    umsa.fd    2013/01/14 v3.01 AMS symbols A
    umsb.fd    2013/01/14 v3.01 AMS symbols B
figures/Proaut_Logo_2014.pdf
figures/unihd.pdf
source/explanation.tex
source/abstract.tex
   t1phv.fd    2001/06/04 scalable font definitions for T1/phv.
source/acknowledgements.tex
source/lists.tex
source/Introduction.tex
    ueur.fd    2013/01/14 v3.01 Euler Roman
  omscmr.fd    2014/09/29 v2.5h Standard LaTeX font definitions
source/Fundamentals.tex
figures/planetaryGear.png
figures/nashSolution.png
figures/kalaiSmorodinskySolution.png
source/Implementation.tex
figures/FTP75.png
figures/NEDC.png
figures/tire.png
figures/CO.png
figures/HC.png
figures/NOX.png
source/Simulation.tex
source/Results.tex
source/Discussion.tex
source/appendix.tex
figures/NashEquilibrium/FTP75-1/gameTheory13Juni.png
figures/NashEquilibrium/FTP75-1/driveCycle13Juni.png
figures/NashEquilibrium/FTP75-1/powerController13Juni.png
figures/NashEquilibrium/FTP75-1/engine13Juni.png
figures/NashEquilibrium/FTP75-1/fuelEmissions13Juni.png
figures/NashEquilibrium/FTP75-2/gameTheory13Juni.png
figures/NashEquilibrium/FTP75-2/driveCycle13Juni.png
figures/NashEquilibrium/FTP75-2/powerController13Juni.png
figures/NashEquilibrium/FTP75-2/engine13Juni.png
figures/NashEquilibrium/FTP75-2/fuelEmissions13Juni.png
figures/NashEquilibrium/FTP75-3/gameTheory15Juni.png
figures/NashEquilibrium/FTP75-3/driveCycle15Juni.png
figures/NashEquilibrium/FTP75-3/powerController15Juni.png
figures/NashEquilibrium/FTP75-3/engine15Juni.png
figures/NashEquilibrium/FTP75-3/fuelEmissions15Juni.png
figures/NashEquilibrium/FTP75-4/gameTheory15Juni.png
figures/NashEquilibrium/FTP75-4/driveCycle15Juni.png
figures/NashEquilibrium/FTP75-4/powerController15Juni.png
figures/NashEquilibrium/FTP75-5/gameTheory16Juni.png
figures/NashEquilibrium/FTP75-5/driveCycle16Juni.png
figures/NashEquilibrium/FTP75-5/powerController16Juni.png
figures/NashEquilibrium/FTP75-5/engine16Juni.png
figures/NashSolution/FTP75-1/gameTheory17Juni.png
figures/NashSolution/FTP75-2/gameTheory19Juni.png
figures/NashSolution/FTP75-3/gameTheory20Juni.png
figures/NashSolution/FTP75-4/gameTheory21Juni.png
figures/NashSolution/FTP75-5/gameTheory22Juni.png
 ***********

Package atveryend Info: Empty hook `AtEndAfterFileList' on input line 69.

LaTeX Warning: There were undefined references.


LaTeX Warning: There were multiply-defined labels.

Package logreq Info: Writing requests to '"Latex-Framework Masterarbeit".run.xm
l'.
\openout1 = `"Latex-Framework Masterarbeit.run.xml"'.

 )
(\end occurred inside a group at level 1)

### simple group (level 1) entered at line 61 ({)
### bottom level 
Here is how much of TeX's memory you used:
 19472 strings out of 493634
 317647 string characters out of 3141315
 867845 words of memory out of 3000000
 22164 multiletter control sequences out of 15000+200000
 34453 words of font info for 78 fonts, out of 3000000 for 9000
 1025 hyphenation exceptions out of 8191
 59i,19n,66p,2144b,2654s stack positions out of 5000i,500n,10000p,200000b,50000s
 <C:\Users\Elena\AppData\Local\MiKTeX\2.9\fonts\pk\ljfour\jknap
pen\ec\dpi600\ecbx2488.pk> <C:\Users\Elena\AppData\Local\MiKTeX\2.9\fonts\pk\lj
four\jknappen\ec\dpi600\ecti1095.pk> <C:\Users\Elena\AppData\Local\MiKTeX\2.9\f
onts\pk\ljfour\jknappen\ec\dpi600\ecti1000.pk> <C:\Users\Elena\AppData\Local\Mi
KTeX\2.9\fonts\pk\ljfour\jknappen\ec\dpi600\ecbi1000.pk> <C:\Users\Elena\AppDat
a\Local\MiKTeX\2.9\fonts\pk\ljfour\jknappen\ec\dpi600\ecbx1200.pk>{C:/Program F
iles (x86)/MiKTeX 2.9/fonts/enc/dvips/fontname/8r.enc} <C:\Users\Elena\AppData\
Local\MiKTeX\2.9\fonts\pk\ljfour\jknappen\ec\dpi600\ecrm0900.pk> <C:\Users\Elen
a\AppData\Local\MiKTeX\2.9\fonts\pk\ljfour\jknappen\ec\dpi600\ecbx1095.pk> <C:\
Users\Elena\AppData\Local\MiKTeX\2.9\fonts\pk\ljfour\jknappen\ec\dpi600\ecrm144
0.pk> <C:\Users\Elena\AppData\Local\MiKTeX\2.9\fonts\pk\ljfour\jknappen\ec\dpi6
00\ecbx1440.pk> <C:\Users\Elena\AppData\Local\MiKTeX\2.9\fonts\pk\ljfour\jknapp
en\ec\dpi600\eccc2074.pk> <C:\Users\Elena\AppData\Local\MiKTeX\2.9\fonts\pk\ljf
our\jknappen\ec\dpi600\ecrm1095.pk> <C:\Users\Elena\AppData\Local\MiKTeX\2.9\fo
nts\pk\ljfour\jknappen\ec\dpi600\eccc1095.pk><C:/Program Files (x86)/MiKTeX 2.9
/fonts/type1/public/amsfonts/cm/cmbx10.pfb><C:/Program Files (x86)/MiKTeX 2.9/f
onts/type1/public/amsfonts/cm/cmbx8.pfb><C:/Program Files (x86)/MiKTeX 2.9/font
s/type1/public/amsfonts/cm/cmex10.pfb><C:/Program Files (x86)/MiKTeX 2.9/fonts/
type1/public/amsfonts/cm/cmmi10.pfb><C:/Program Files (x86)/MiKTeX 2.9/fonts/ty
pe1/public/amsfonts/cm/cmmi8.pfb><C:/Program Files (x86)/MiKTeX 2.9/fonts/type1
/public/amsfonts/cm/cmr10.pfb><C:/Program Files (x86)/MiKTeX 2.9/fonts/type1/pu
blic/amsfonts/cm/cmr6.pfb><C:/Program Files (x86)/MiKTeX 2.9/fonts/type1/public
/amsfonts/cm/cmr8.pfb><C:/Program Files (x86)/MiKTeX 2.9/fonts/type1/public/ams
fonts/cm/cmsy10.pfb><C:/Program Files (x86)/MiKTeX 2.9/fonts/type1/public/amsfo
nts/cm/cmsy8.pfb><C:/Program Files (x86)/MiKTeX 2.9/fonts/type1/public/amsfonts
/euler/eurb10.pfb><C:/Program Files (x86)/MiKTeX 2.9/fonts/type1/public/amsfont
s/symbols/msbm10.pfb><C:/Program Files (x86)/MiKTeX 2.9/fonts/type1/urw/helveti
c/uhvb8a.pfb>
Output written on "Latex-Framework Masterarbeit.pdf" (87 pages, 2864081 bytes).

PDF statistics:
 1628 PDF objects out of 1728 (max. 8388607)
 249 named destinations out of 1000 (max. 500000)
 639 words of extra memory for PDF output out of 10000 (max. 10000000)

